2026-02-03T04:15:21.585259+02:00 rahmo-VMware-Virtual-Platform kernel: General system event 0
2026-02-03T04:15:22.585259+02:00 rahmo-VMware-Virtual-Platform systemd: General system event 1
2026-02-03T04:15:23.585259+02:00 rahmo-VMware-Virtual-Platform kernel: General system event 2
2026-02-03T04:15:24.585259+02:00 rahmo-VMware-Virtual-Platform systemd: General system event 3
2026-02-03T04:15:25.585259+02:00 rahmo-VMware-Virtual-Platform kernel: General system event 4
2026-02-03T04:15:26.585259+02:00 rahmo-VMware-Virtual-Platform systemd: General system event 5
2026-02-03T04:15:27.585259+02:00 rahmo-VMware-Virtual-Platform kernel: General system event 6
2026-02-03T04:15:28.585259+02:00 rahmo-VMware-Virtual-Platform systemd: General system event 7
2026-02-03T04:15:29.585259+02:00 rahmo-VMware-Virtual-Platform systemd: General system event 8
2026-02-03T04:15:30.585259+02:00 rahmo-VMware-Virtual-Platform systemd: General system event 9
2026-02-03T04:15:31.585259+02:00 rahmo-VMware-Virtual-Platform systemd: General system event 10
2026-02-03T04:15:32.585259+02:00 rahmo-VMware-Virtual-Platform systemd: General system event 11
2026-02-03T04:15:33.585259+02:00 rahmo-VMware-Virtual-Platform kernel: General system event 12
2026-02-03T04:15:34.585259+02:00 rahmo-VMware-Virtual-Platform kernel: General system event 13
2026-02-03T04:15:35.585259+02:00 rahmo-VMware-Virtual-Platform kernel: General system event 14
2026-02-03T04:15:36.585259+02:00 rahmo-VMware-Virtual-Platform kernel: General system event 15
2026-02-03T04:15:37.585259+02:00 rahmo-VMware-Virtual-Platform systemd: General system event 16
2026-02-03T04:15:38.585259+02:00 rahmo-VMware-Virtual-Platform kernel: General system event 17
2026-02-03T04:15:39.585259+02:00 rahmo-VMware-Virtual-Platform systemd: General system event 18
2026-02-03T04:15:40.585259+02:00 rahmo-VMware-Virtual-Platform kernel: General system event 19
2026-02-03T04:15:41.585259+02:00 rahmo-VMware-Virtual-Platform systemd: General system event 20
2026-02-03T04:15:42.585259+02:00 rahmo-VMware-Virtual-Platform systemd: General system event 21
2026-02-03T04:15:43.585259+02:00 rahmo-VMware-Virtual-Platform kernel: General system event 22
2026-02-03T04:15:44.585259+02:00 rahmo-VMware-Virtual-Platform kernel: General system event 23
2026-02-03T04:15:45.585259+02:00 rahmo-VMware-Virtual-Platform kernel: General system event 24
2026-02-03T04:15:46.585259+02:00 rahmo-VMware-Virtual-Platform systemd: General system event 25
2026-02-03T04:15:47.585259+02:00 rahmo-VMware-Virtual-Platform kernel: General system event 26
2026-02-03T04:15:48.585259+02:00 rahmo-VMware-Virtual-Platform kernel: General system event 27
2026-02-03T04:15:49.585259+02:00 rahmo-VMware-Virtual-Platform kernel: General system event 28
2026-02-03T04:15:50.585259+02:00 rahmo-VMware-Virtual-Platform kernel: General system event 29
2026-02-03T04:15:51.585259+02:00 rahmo-VMware-Virtual-Platform systemd: General system event 30
2026-02-03T04:15:52.585259+02:00 rahmo-VMware-Virtual-Platform kernel: General system event 31
2026-02-03T04:15:53.585259+02:00 rahmo-VMware-Virtual-Platform kernel: General system event 32
2026-02-03T04:15:54.585259+02:00 rahmo-VMware-Virtual-Platform kernel: General system event 33
2026-02-03T04:15:55.585259+02:00 rahmo-VMware-Virtual-Platform systemd: General system event 34
2026-02-03T04:15:56.585259+02:00 rahmo-VMware-Virtual-Platform systemd: General system event 35
2026-02-03T04:15:57.585259+02:00 rahmo-VMware-Virtual-Platform kernel: General system event 36
2026-02-03T04:15:58.585259+02:00 rahmo-VMware-Virtual-Platform systemd: General system event 37
2026-02-03T04:15:59.585259+02:00 rahmo-VMware-Virtual-Platform kernel: General system event 38
2026-02-03T04:16:00.585259+02:00 rahmo-VMware-Virtual-Platform kernel: General system event 39
2026-02-03T04:16:01.585259+02:00 rahmo-VMware-Virtual-Platform kernel: General system event 40
2026-02-03T04:16:02.585259+02:00 rahmo-VMware-Virtual-Platform kernel: General system event 41
2026-02-03T04:16:03.585259+02:00 rahmo-VMware-Virtual-Platform kernel: General system event 42
2026-02-03T04:16:04.585259+02:00 rahmo-VMware-Virtual-Platform systemd: General system event 43
2026-02-03T04:16:05.585259+02:00 rahmo-VMware-Virtual-Platform kernel: General system event 44
2026-02-03T04:16:06.585259+02:00 rahmo-VMware-Virtual-Platform systemd: General system event 45
2026-02-03T04:16:07.585259+02:00 rahmo-VMware-Virtual-Platform systemd: General system event 46
2026-02-03T04:16:08.585259+02:00 rahmo-VMware-Virtual-Platform systemd: General system event 47
2026-02-03T04:16:09.585259+02:00 rahmo-VMware-Virtual-Platform kernel: General system event 48
2026-02-03T04:16:10.585259+02:00 rahmo-VMware-Virtual-Platform systemd: General system event 49
2026-02-03T04:16:11.585259+02:00 rahmo-VMware-Virtual-Platform kernel: General system event 50
2026-02-03T04:16:12.585259+02:00 rahmo-VMware-Virtual-Platform kernel: General system event 51
2026-02-03T04:16:13.585259+02:00 rahmo-VMware-Virtual-Platform kernel: General system event 52
2026-02-03T04:16:14.585259+02:00 rahmo-VMware-Virtual-Platform kernel: General system event 53
2026-02-03T04:16:15.585259+02:00 rahmo-VMware-Virtual-Platform kernel: General system event 54
2026-02-03T04:16:16.585259+02:00 rahmo-VMware-Virtual-Platform kernel: General system event 55
2026-02-03T04:16:17.585259+02:00 rahmo-VMware-Virtual-Platform kernel: General system event 56
2026-02-03T04:16:18.585259+02:00 rahmo-VMware-Virtual-Platform kernel: General system event 57
2026-02-03T04:16:19.585259+02:00 rahmo-VMware-Virtual-Platform kernel: General system event 58
2026-02-03T04:16:20.585259+02:00 rahmo-VMware-Virtual-Platform kernel: General system event 59
2026-02-03T04:16:21.585259+02:00 rahmo-VMware-Virtual-Platform kernel: General system event 60
2026-02-03T04:16:22.585259+02:00 rahmo-VMware-Virtual-Platform systemd: General system event 61
2026-02-03T04:16:23.585259+02:00 rahmo-VMware-Virtual-Platform kernel: General system event 62
2026-02-03T04:16:24.585259+02:00 rahmo-VMware-Virtual-Platform systemd: General system event 63
2026-02-03T04:16:25.585259+02:00 rahmo-VMware-Virtual-Platform kernel: General system event 64
2026-02-03T04:16:26.585259+02:00 rahmo-VMware-Virtual-Platform kernel: General system event 65
2026-02-03T04:16:27.585259+02:00 rahmo-VMware-Virtual-Platform kernel: General system event 66
2026-02-03T04:16:28.585259+02:00 rahmo-VMware-Virtual-Platform kernel: General system event 67
2026-02-03T04:16:29.585259+02:00 rahmo-VMware-Virtual-Platform systemd: General system event 68
2026-02-03T04:16:30.585259+02:00 rahmo-VMware-Virtual-Platform systemd: General system event 69
2026-02-03T04:16:31.585259+02:00 rahmo-VMware-Virtual-Platform kernel: General system event 70
2026-02-03T04:16:32.585259+02:00 rahmo-VMware-Virtual-Platform systemd: General system event 71
2026-02-03T04:16:33.585259+02:00 rahmo-VMware-Virtual-Platform kernel: General system event 72
2026-02-03T04:16:34.585259+02:00 rahmo-VMware-Virtual-Platform kernel: General system event 73
2026-02-03T04:16:35.585259+02:00 rahmo-VMware-Virtual-Platform systemd: General system event 74
2026-02-03T04:16:36.585259+02:00 rahmo-VMware-Virtual-Platform kernel: General system event 75
2026-02-03T04:16:37.585259+02:00 rahmo-VMware-Virtual-Platform kernel: General system event 76
2026-02-03T04:16:38.585259+02:00 rahmo-VMware-Virtual-Platform systemd: General system event 77
2026-02-03T04:16:39.585259+02:00 rahmo-VMware-Virtual-Platform systemd: General system event 78
2026-02-03T04:16:40.585259+02:00 rahmo-VMware-Virtual-Platform kernel: General system event 79
2026-02-03T04:16:41.585259+02:00 rahmo-VMware-Virtual-Platform systemd: General system event 80
2026-02-03T04:16:42.585259+02:00 rahmo-VMware-Virtual-Platform kernel: General system event 81
2026-02-03T04:16:43.585259+02:00 rahmo-VMware-Virtual-Platform kernel: General system event 82
2026-02-03T04:16:44.585259+02:00 rahmo-VMware-Virtual-Platform kernel: General system event 83
2026-02-03T04:16:45.585259+02:00 rahmo-VMware-Virtual-Platform kernel: General system event 84
2026-02-03T04:16:46.585259+02:00 rahmo-VMware-Virtual-Platform systemd: General system event 85
2026-02-03T04:16:47.585259+02:00 rahmo-VMware-Virtual-Platform systemd: General system event 86
2026-02-03T04:16:48.585259+02:00 rahmo-VMware-Virtual-Platform systemd: General system event 87
2026-02-03T04:16:49.585259+02:00 rahmo-VMware-Virtual-Platform systemd: General system event 88
2026-02-03T04:16:50.585259+02:00 rahmo-VMware-Virtual-Platform kernel: General system event 89
2026-02-03T04:16:51.585259+02:00 rahmo-VMware-Virtual-Platform systemd: General system event 90
2026-02-03T04:16:52.585259+02:00 rahmo-VMware-Virtual-Platform kernel: General system event 91
2026-02-03T04:16:53.585259+02:00 rahmo-VMware-Virtual-Platform kernel: General system event 92
2026-02-03T04:16:54.585259+02:00 rahmo-VMware-Virtual-Platform kernel: General system event 93
2026-02-03T04:16:55.585259+02:00 rahmo-VMware-Virtual-Platform systemd: General system event 94
2026-02-03T04:16:56.585259+02:00 rahmo-VMware-Virtual-Platform kernel: General system event 95
2026-02-03T04:16:57.585259+02:00 rahmo-VMware-Virtual-Platform systemd: General system event 96
2026-02-03T04:16:58.585259+02:00 rahmo-VMware-Virtual-Platform kernel: General system event 97
2026-02-03T04:16:59.585259+02:00 rahmo-VMware-Virtual-Platform kernel: General system event 98
2026-02-03T04:17:00.585259+02:00 rahmo-VMware-Virtual-Platform kernel: General system event 99
2026-02-03T04:17:01.585259+02:00 rahmo-VMware-Virtual-Platform systemd: General system event 100
2026-02-03T04:17:02.585259+02:00 rahmo-VMware-Virtual-Platform sshd: Failed password for root from 141.11.22.33 port 54322 ssh2
2026-02-03T04:17:03.585259+02:00 rahmo-VMware-Virtual-Platform sshd: Failed password for root from 141.11.22.33 port 54322 ssh2
2026-02-03T04:17:04.585259+02:00 rahmo-VMware-Virtual-Platform sshd: Failed password for root from 141.11.22.33 port 54322 ssh2
2026-02-03T04:17:05.585259+02:00 rahmo-VMware-Virtual-Platform sshd: Failed password for root from 141.11.22.33 port 54322 ssh2
2026-02-03T04:17:06.585259+02:00 rahmo-VMware-Virtual-Platform sshd: Failed password for root from 141.11.22.33 port 54322 ssh2
2026-02-03T04:17:07.585259+02:00 rahmo-VMware-Virtual-Platform sshd: Failed password for root from 141.11.22.33 port 54322 ssh2
2026-02-03T04:17:08.585259+02:00 rahmo-VMware-Virtual-Platform sshd: Failed password for root from 141.11.22.33 port 54322 ssh2
2026-02-03T04:17:09.585259+02:00 rahmo-VMware-Virtual-Platform sshd: Failed password for root from 141.11.22.33 port 54322 ssh2
2026-02-03T04:17:10.585259+02:00 rahmo-VMware-Virtual-Platform sshd: Failed password for root from 141.11.22.33 port 54322 ssh2
2026-02-03T04:17:11.585259+02:00 rahmo-VMware-Virtual-Platform systemd: General system event 110
2026-02-03T04:17:12.585259+02:00 rahmo-VMware-Virtual-Platform systemd: General system event 111
2026-02-03T04:17:13.585259+02:00 rahmo-VMware-Virtual-Platform kernel: General system event 112
2026-02-03T04:17:14.585259+02:00 rahmo-VMware-Virtual-Platform kernel: General system event 113
2026-02-03T04:17:15.585259+02:00 rahmo-VMware-Virtual-Platform systemd: General system event 114
2026-02-03T04:17:16.585259+02:00 rahmo-VMware-Virtual-Platform kernel: General system event 115
2026-02-03T04:17:17.585259+02:00 rahmo-VMware-Virtual-Platform systemd: General system event 116
2026-02-03T04:17:18.585259+02:00 rahmo-VMware-Virtual-Platform kernel: General system event 117
2026-02-03T04:17:19.585259+02:00 rahmo-VMware-Virtual-Platform systemd: General system event 118
2026-02-03T04:17:20.585259+02:00 rahmo-VMware-Virtual-Platform kernel: General system event 119
2026-02-03T04:17:21.585259+02:00 rahmo-VMware-Virtual-Platform systemd: General system event 120
2026-02-03T04:17:22.585259+02:00 rahmo-VMware-Virtual-Platform kernel: General system event 121
2026-02-03T04:17:23.585259+02:00 rahmo-VMware-Virtual-Platform kernel: General system event 122
2026-02-03T04:17:24.585259+02:00 rahmo-VMware-Virtual-Platform kernel: General system event 123
2026-02-03T04:17:25.585259+02:00 rahmo-VMware-Virtual-Platform kernel: General system event 124
2026-02-03T04:17:26.585259+02:00 rahmo-VMware-Virtual-Platform kernel: General system event 125
2026-02-03T04:17:27.585259+02:00 rahmo-VMware-Virtual-Platform systemd: General system event 126
2026-02-03T04:17:28.585259+02:00 rahmo-VMware-Virtual-Platform systemd: General system event 127
2026-02-03T04:17:29.585259+02:00 rahmo-VMware-Virtual-Platform systemd: General system event 128
2026-02-03T04:17:30.585259+02:00 rahmo-VMware-Virtual-Platform kernel: General system event 129
2026-02-03T04:17:31.585259+02:00 rahmo-VMware-Virtual-Platform systemd: General system event 130
2026-02-03T04:17:32.585259+02:00 rahmo-VMware-Virtual-Platform systemd: General system event 131
2026-02-03T04:17:33.585259+02:00 rahmo-VMware-Virtual-Platform systemd: General system event 132
2026-02-03T04:17:34.585259+02:00 rahmo-VMware-Virtual-Platform systemd: General system event 133
2026-02-03T04:17:35.585259+02:00 rahmo-VMware-Virtual-Platform kernel: General system event 134
2026-02-03T04:17:36.585259+02:00 rahmo-VMware-Virtual-Platform kernel: General system event 135
2026-02-03T04:17:37.585259+02:00 rahmo-VMware-Virtual-Platform systemd: General system event 136
2026-02-03T04:17:38.585259+02:00 rahmo-VMware-Virtual-Platform systemd: General system event 137
2026-02-03T04:17:39.585259+02:00 rahmo-VMware-Virtual-Platform systemd: General system event 138
2026-02-03T04:17:40.585259+02:00 rahmo-VMware-Virtual-Platform kernel: General system event 139
2026-02-03T04:17:41.585259+02:00 rahmo-VMware-Virtual-Platform systemd: General system event 140
2026-02-03T04:17:42.585259+02:00 rahmo-VMware-Virtual-Platform systemd: General system event 141
2026-02-03T04:17:43.585259+02:00 rahmo-VMware-Virtual-Platform kernel: General system event 142
2026-02-03T04:17:44.585259+02:00 rahmo-VMware-Virtual-Platform systemd: General system event 143
2026-02-03T04:17:45.585259+02:00 rahmo-VMware-Virtual-Platform systemd: General system event 144
2026-02-03T04:17:46.585259+02:00 rahmo-VMware-Virtual-Platform systemd: General system event 145
2026-02-03T04:17:47.585259+02:00 rahmo-VMware-Virtual-Platform kernel: General system event 146
2026-02-03T04:17:48.585259+02:00 rahmo-VMware-Virtual-Platform kernel: General system event 147
2026-02-03T04:17:49.585259+02:00 rahmo-VMware-Virtual-Platform systemd: General system event 148
2026-02-03T04:17:50.585259+02:00 rahmo-VMware-Virtual-Platform kernel: General system event 149
2026-02-03T04:17:51.585259+02:00 rahmo-VMware-Virtual-Platform systemd: General system event 150
2026-02-03T04:17:52.585259+02:00 rahmo-VMware-Virtual-Platform kernel: General system event 151
2026-02-03T04:17:53.585259+02:00 rahmo-VMware-Virtual-Platform systemd: General system event 152
2026-02-03T04:17:54.585259+02:00 rahmo-VMware-Virtual-Platform systemd: General system event 153
2026-02-03T04:17:55.585259+02:00 rahmo-VMware-Virtual-Platform systemd: General system event 154
2026-02-03T04:17:56.585259+02:00 rahmo-VMware-Virtual-Platform systemd: General system event 155
2026-02-03T04:17:57.585259+02:00 rahmo-VMware-Virtual-Platform systemd: General system event 156
2026-02-03T04:17:58.585259+02:00 rahmo-VMware-Virtual-Platform kernel: General system event 157
2026-02-03T04:17:59.585259+02:00 rahmo-VMware-Virtual-Platform systemd: General system event 158
2026-02-03T04:18:00.585259+02:00 rahmo-VMware-Virtual-Platform kernel: General system event 159
2026-02-03T04:18:01.585259+02:00 rahmo-VMware-Virtual-Platform kernel: General system event 160
2026-02-03T04:18:02.585259+02:00 rahmo-VMware-Virtual-Platform kernel: General system event 161
2026-02-03T04:18:03.585259+02:00 rahmo-VMware-Virtual-Platform kernel: General system event 162
2026-02-03T04:18:04.585259+02:00 rahmo-VMware-Virtual-Platform systemd: General system event 163
2026-02-03T04:18:05.585259+02:00 rahmo-VMware-Virtual-Platform systemd: General system event 164
2026-02-03T04:18:06.585259+02:00 rahmo-VMware-Virtual-Platform systemd: General system event 165
2026-02-03T04:18:07.585259+02:00 rahmo-VMware-Virtual-Platform systemd: General system event 166
2026-02-03T04:18:08.585259+02:00 rahmo-VMware-Virtual-Platform systemd: General system event 167
2026-02-03T04:18:09.585259+02:00 rahmo-VMware-Virtual-Platform systemd: General system event 168
2026-02-03T04:18:10.585259+02:00 rahmo-VMware-Virtual-Platform kernel: General system event 169
2026-02-03T04:18:11.585259+02:00 rahmo-VMware-Virtual-Platform kernel: General system event 170
2026-02-03T04:18:12.585259+02:00 rahmo-VMware-Virtual-Platform systemd: General system event 171
2026-02-03T04:18:13.585259+02:00 rahmo-VMware-Virtual-Platform systemd: General system event 172
2026-02-03T04:18:14.585259+02:00 rahmo-VMware-Virtual-Platform kernel: General system event 173
2026-02-03T04:18:15.585259+02:00 rahmo-VMware-Virtual-Platform systemd: General system event 174
2026-02-03T04:18:16.585259+02:00 rahmo-VMware-Virtual-Platform systemd: General system event 175
2026-02-03T04:18:17.585259+02:00 rahmo-VMware-Virtual-Platform systemd: General system event 176
2026-02-03T04:18:18.585259+02:00 rahmo-VMware-Virtual-Platform systemd: General system event 177
2026-02-03T04:18:19.585259+02:00 rahmo-VMware-Virtual-Platform kernel: General system event 178
2026-02-03T04:18:20.585259+02:00 rahmo-VMware-Virtual-Platform kernel: General system event 179
2026-02-03T04:18:21.585259+02:00 rahmo-VMware-Virtual-Platform systemd: General system event 180
2026-02-03T04:18:22.585259+02:00 rahmo-VMware-Virtual-Platform kernel: General system event 181
2026-02-03T04:18:23.585259+02:00 rahmo-VMware-Virtual-Platform systemd: General system event 182
2026-02-03T04:18:24.585259+02:00 rahmo-VMware-Virtual-Platform kernel: General system event 183
2026-02-03T04:18:25.585259+02:00 rahmo-VMware-Virtual-Platform kernel: General system event 184
2026-02-03T04:18:26.585259+02:00 rahmo-VMware-Virtual-Platform kernel: General system event 185
2026-02-03T04:18:27.585259+02:00 rahmo-VMware-Virtual-Platform systemd: General system event 186
2026-02-03T04:18:28.585259+02:00 rahmo-VMware-Virtual-Platform kernel: General system event 187
2026-02-03T04:18:29.585259+02:00 rahmo-VMware-Virtual-Platform kernel: General system event 188
2026-02-03T04:18:30.585259+02:00 rahmo-VMware-Virtual-Platform systemd: General system event 189
2026-02-03T04:18:31.585259+02:00 rahmo-VMware-Virtual-Platform kernel: General system event 190
2026-02-03T04:18:32.585259+02:00 rahmo-VMware-Virtual-Platform kernel: General system event 191
2026-02-03T04:18:33.585259+02:00 rahmo-VMware-Virtual-Platform kernel: General system event 192
2026-02-03T04:18:34.585259+02:00 rahmo-VMware-Virtual-Platform kernel: General system event 193
2026-02-03T04:18:35.585259+02:00 rahmo-VMware-Virtual-Platform systemd: General system event 194
2026-02-03T04:18:36.585259+02:00 rahmo-VMware-Virtual-Platform kernel: General system event 195
2026-02-03T04:18:37.585259+02:00 rahmo-VMware-Virtual-Platform systemd: General system event 196
2026-02-03T04:18:38.585259+02:00 rahmo-VMware-Virtual-Platform systemd: General system event 197
2026-02-03T04:18:39.585259+02:00 rahmo-VMware-Virtual-Platform systemd: General system event 198
2026-02-03T04:18:40.585259+02:00 rahmo-VMware-Virtual-Platform kernel: General system event 199
2026-02-03T04:18:41.585259+02:00 rahmo-VMware-Virtual-Platform kernel: General system event 200
2026-02-03T04:18:42.585259+02:00 rahmo-VMware-Virtual-Platform systemd: General system event 201
2026-02-03T04:18:43.585259+02:00 rahmo-VMware-Virtual-Platform systemd: General system event 202
2026-02-03T04:18:44.585259+02:00 rahmo-VMware-Virtual-Platform kernel: General system event 203
2026-02-03T04:18:45.585259+02:00 rahmo-VMware-Virtual-Platform kernel: General system event 204
2026-02-03T04:18:46.585259+02:00 rahmo-VMware-Virtual-Platform kernel: General system event 205
2026-02-03T04:18:47.585259+02:00 rahmo-VMware-Virtual-Platform systemd: General system event 206
2026-02-03T04:18:48.585259+02:00 rahmo-VMware-Virtual-Platform kernel: General system event 207
2026-02-03T04:18:49.585259+02:00 rahmo-VMware-Virtual-Platform systemd: General system event 208
2026-02-03T04:18:50.585259+02:00 rahmo-VMware-Virtual-Platform systemd: General system event 209
2026-02-03T04:18:51.585259+02:00 rahmo-VMware-Virtual-Platform kernel: General system event 210
2026-02-03T04:18:52.585259+02:00 rahmo-VMware-Virtual-Platform kernel: General system event 211
2026-02-03T04:18:53.585259+02:00 rahmo-VMware-Virtual-Platform kernel: General system event 212
2026-02-03T04:18:54.585259+02:00 rahmo-VMware-Virtual-Platform systemd: General system event 213
2026-02-03T04:18:55.585259+02:00 rahmo-VMware-Virtual-Platform kernel: General system event 214
2026-02-03T04:18:56.585259+02:00 rahmo-VMware-Virtual-Platform kernel: General system event 215
2026-02-03T04:18:57.585259+02:00 rahmo-VMware-Virtual-Platform kernel: General system event 216
2026-02-03T04:18:58.585259+02:00 rahmo-VMware-Virtual-Platform systemd: General system event 217
2026-02-03T04:18:59.585259+02:00 rahmo-VMware-Virtual-Platform systemd: General system event 218
2026-02-03T04:19:00.585259+02:00 rahmo-VMware-Virtual-Platform systemd: General system event 219
2026-02-03T04:19:01.585259+02:00 rahmo-VMware-Virtual-Platform systemd: General system event 220
2026-02-03T04:19:02.585259+02:00 rahmo-VMware-Virtual-Platform kernel: General system event 221
2026-02-03T04:19:03.585259+02:00 rahmo-VMware-Virtual-Platform kernel: General system event 222
2026-02-03T04:19:04.585259+02:00 rahmo-VMware-Virtual-Platform kernel: General system event 223
2026-02-03T04:19:05.585259+02:00 rahmo-VMware-Virtual-Platform systemd: General system event 224
2026-02-03T04:19:06.585259+02:00 rahmo-VMware-Virtual-Platform systemd: General system event 225
2026-02-03T04:19:07.585259+02:00 rahmo-VMware-Virtual-Platform systemd: General system event 226
2026-02-03T04:19:08.585259+02:00 rahmo-VMware-Virtual-Platform systemd: General system event 227
2026-02-03T04:19:09.585259+02:00 rahmo-VMware-Virtual-Platform systemd: General system event 228
2026-02-03T04:19:10.585259+02:00 rahmo-VMware-Virtual-Platform kernel: General system event 229
2026-02-03T04:19:11.585259+02:00 rahmo-VMware-Virtual-Platform kernel: General system event 230
2026-02-03T04:19:12.585259+02:00 rahmo-VMware-Virtual-Platform kernel: General system event 231
2026-02-03T04:19:13.585259+02:00 rahmo-VMware-Virtual-Platform kernel: General system event 232
2026-02-03T04:19:14.585259+02:00 rahmo-VMware-Virtual-Platform kernel: General system event 233
2026-02-03T04:19:15.585259+02:00 rahmo-VMware-Virtual-Platform kernel: General system event 234
2026-02-03T04:19:16.585259+02:00 rahmo-VMware-Virtual-Platform systemd: General system event 235
2026-02-03T04:19:17.585259+02:00 rahmo-VMware-Virtual-Platform kernel: General system event 236
2026-02-03T04:19:18.585259+02:00 rahmo-VMware-Virtual-Platform systemd: General system event 237
2026-02-03T04:19:19.585259+02:00 rahmo-VMware-Virtual-Platform systemd: General system event 238
2026-02-03T04:19:20.585259+02:00 rahmo-VMware-Virtual-Platform systemd: General system event 239
2026-02-03T04:19:21.585259+02:00 rahmo-VMware-Virtual-Platform systemd: General system event 240
2026-02-03T04:19:22.585259+02:00 rahmo-VMware-Virtual-Platform kernel: General system event 241
2026-02-03T04:19:23.585259+02:00 rahmo-VMware-Virtual-Platform systemd: General system event 242
2026-02-03T04:19:24.585259+02:00 rahmo-VMware-Virtual-Platform kernel: General system event 243
2026-02-03T04:19:25.585259+02:00 rahmo-VMware-Virtual-Platform systemd: General system event 244
2026-02-03T04:19:26.585259+02:00 rahmo-VMware-Virtual-Platform systemd: General system event 245
2026-02-03T04:19:27.585259+02:00 rahmo-VMware-Virtual-Platform systemd: General system event 246
2026-02-03T04:19:28.585259+02:00 rahmo-VMware-Virtual-Platform kernel: General system event 247
2026-02-03T04:19:29.585259+02:00 rahmo-VMware-Virtual-Platform systemd: General system event 248
2026-02-03T04:19:30.585259+02:00 rahmo-VMware-Virtual-Platform kernel: General system event 249
2026-02-03T04:19:31.585259+02:00 rahmo-VMware-Virtual-Platform kernel: General system event 250
2026-02-03T04:19:32.585259+02:00 rahmo-VMware-Virtual-Platform systemd: General system event 251
2026-02-03T04:19:33.585259+02:00 rahmo-VMware-Virtual-Platform systemd: General system event 252
2026-02-03T04:19:34.585259+02:00 rahmo-VMware-Virtual-Platform systemd: General system event 253
2026-02-03T04:19:35.585259+02:00 rahmo-VMware-Virtual-Platform systemd: General system event 254
2026-02-03T04:19:36.585259+02:00 rahmo-VMware-Virtual-Platform kernel: General system event 255
2026-02-03T04:19:37.585259+02:00 rahmo-VMware-Virtual-Platform systemd: General system event 256
2026-02-03T04:19:38.585259+02:00 rahmo-VMware-Virtual-Platform kernel: General system event 257
2026-02-03T04:19:39.585259+02:00 rahmo-VMware-Virtual-Platform systemd: General system event 258
2026-02-03T04:19:40.585259+02:00 rahmo-VMware-Virtual-Platform kernel: General system event 259
2026-02-03T04:19:41.585259+02:00 rahmo-VMware-Virtual-Platform kernel: General system event 260
2026-02-03T04:19:42.585259+02:00 rahmo-VMware-Virtual-Platform kernel: General system event 261
2026-02-03T04:19:43.585259+02:00 rahmo-VMware-Virtual-Platform kernel: General system event 262
2026-02-03T04:19:44.585259+02:00 rahmo-VMware-Virtual-Platform kernel: General system event 263
2026-02-03T04:19:45.585259+02:00 rahmo-VMware-Virtual-Platform systemd: General system event 264
2026-02-03T04:19:46.585259+02:00 rahmo-VMware-Virtual-Platform systemd: General system event 265
2026-02-03T04:19:47.585259+02:00 rahmo-VMware-Virtual-Platform systemd: General system event 266
2026-02-03T04:19:48.585259+02:00 rahmo-VMware-Virtual-Platform systemd: General system event 267
2026-02-03T04:19:49.585259+02:00 rahmo-VMware-Virtual-Platform kernel: General system event 268
2026-02-03T04:19:50.585259+02:00 rahmo-VMware-Virtual-Platform systemd: General system event 269
2026-02-03T04:19:51.585259+02:00 rahmo-VMware-Virtual-Platform kernel: General system event 270
2026-02-03T04:19:52.585259+02:00 rahmo-VMware-Virtual-Platform systemd: General system event 271
2026-02-03T04:19:53.585259+02:00 rahmo-VMware-Virtual-Platform systemd: General system event 272
2026-02-03T04:19:54.585259+02:00 rahmo-VMware-Virtual-Platform kernel: General system event 273
2026-02-03T04:19:55.585259+02:00 rahmo-VMware-Virtual-Platform kernel: General system event 274
2026-02-03T04:19:56.585259+02:00 rahmo-VMware-Virtual-Platform kernel: General system event 275
2026-02-03T04:19:57.585259+02:00 rahmo-VMware-Virtual-Platform kernel: General system event 276
2026-02-03T04:19:58.585259+02:00 rahmo-VMware-Virtual-Platform systemd: General system event 277
2026-02-03T04:19:59.585259+02:00 rahmo-VMware-Virtual-Platform systemd: General system event 278
2026-02-03T04:20:00.585259+02:00 rahmo-VMware-Virtual-Platform systemd: General system event 279
2026-02-03T04:20:01.585259+02:00 rahmo-VMware-Virtual-Platform systemd: General system event 280
2026-02-03T04:20:02.585259+02:00 rahmo-VMware-Virtual-Platform kernel: General system event 281
2026-02-03T04:20:03.585259+02:00 rahmo-VMware-Virtual-Platform systemd: General system event 282
2026-02-03T04:20:04.585259+02:00 rahmo-VMware-Virtual-Platform kernel: General system event 283
2026-02-03T04:20:05.585259+02:00 rahmo-VMware-Virtual-Platform systemd: General system event 284
2026-02-03T04:20:06.585259+02:00 rahmo-VMware-Virtual-Platform kernel: General system event 285
2026-02-03T04:20:07.585259+02:00 rahmo-VMware-Virtual-Platform kernel: General system event 286
2026-02-03T04:20:08.585259+02:00 rahmo-VMware-Virtual-Platform kernel: General system event 287
2026-02-03T04:20:09.585259+02:00 rahmo-VMware-Virtual-Platform systemd: General system event 288
2026-02-03T04:20:10.585259+02:00 rahmo-VMware-Virtual-Platform kernel: General system event 289
2026-02-03T04:20:11.585259+02:00 rahmo-VMware-Virtual-Platform systemd: General system event 290
2026-02-03T04:20:12.585259+02:00 rahmo-VMware-Virtual-Platform kernel: General system event 291
2026-02-03T04:20:13.585259+02:00 rahmo-VMware-Virtual-Platform systemd: General system event 292
2026-02-03T04:20:14.585259+02:00 rahmo-VMware-Virtual-Platform systemd: General system event 293
2026-02-03T04:20:15.585259+02:00 rahmo-VMware-Virtual-Platform systemd: General system event 294
2026-02-03T04:20:16.585259+02:00 rahmo-VMware-Virtual-Platform kernel: General system event 295
2026-02-03T04:20:17.585259+02:00 rahmo-VMware-Virtual-Platform kernel: General system event 296
2026-02-03T04:20:18.585259+02:00 rahmo-VMware-Virtual-Platform systemd: General system event 297
2026-02-03T04:20:19.585259+02:00 rahmo-VMware-Virtual-Platform systemd: General system event 298
2026-02-03T04:20:20.585259+02:00 rahmo-VMware-Virtual-Platform kernel: General system event 299
2026-02-03T04:20:21.585259+02:00 rahmo-VMware-Virtual-Platform apache2: GET /etc/passwd HTTP/1.1 from 141.11.22.33
2026-02-03T04:20:22.585259+02:00 rahmo-VMware-Virtual-Platform systemd: General system event 301
2026-02-03T04:20:23.585259+02:00 rahmo-VMware-Virtual-Platform kernel: General system event 302
2026-02-03T04:20:24.585259+02:00 rahmo-VMware-Virtual-Platform kernel: General system event 303
2026-02-03T04:20:25.585259+02:00 rahmo-VMware-Virtual-Platform kernel: General system event 304
2026-02-03T04:20:26.585259+02:00 rahmo-VMware-Virtual-Platform kernel: General system event 305
2026-02-03T04:20:27.585259+02:00 rahmo-VMware-Virtual-Platform kernel: General system event 306
2026-02-03T04:20:28.585259+02:00 rahmo-VMware-Virtual-Platform systemd: General system event 307
2026-02-03T04:20:29.585259+02:00 rahmo-VMware-Virtual-Platform systemd: General system event 308
2026-02-03T04:20:30.585259+02:00 rahmo-VMware-Virtual-Platform systemd: General system event 309
2026-02-03T04:20:31.585259+02:00 rahmo-VMware-Virtual-Platform systemd: General system event 310
2026-02-03T04:20:32.585259+02:00 rahmo-VMware-Virtual-Platform kernel: General system event 311
2026-02-03T04:20:33.585259+02:00 rahmo-VMware-Virtual-Platform systemd: General system event 312
2026-02-03T04:20:34.585259+02:00 rahmo-VMware-Virtual-Platform kernel: General system event 313
2026-02-03T04:20:35.585259+02:00 rahmo-VMware-Virtual-Platform kernel: General system event 314
2026-02-03T04:20:36.585259+02:00 rahmo-VMware-Virtual-Platform systemd: General system event 315
2026-02-03T04:20:37.585259+02:00 rahmo-VMware-Virtual-Platform kernel: General system event 316
2026-02-03T04:20:38.585259+02:00 rahmo-VMware-Virtual-Platform kernel: General system event 317
2026-02-03T04:20:39.585259+02:00 rahmo-VMware-Virtual-Platform kernel: General system event 318
2026-02-03T04:20:40.585259+02:00 rahmo-VMware-Virtual-Platform systemd: General system event 319
2026-02-03T04:20:41.585259+02:00 rahmo-VMware-Virtual-Platform systemd: General system event 320
2026-02-03T04:20:42.585259+02:00 rahmo-VMware-Virtual-Platform kernel: General system event 321
2026-02-03T04:20:43.585259+02:00 rahmo-VMware-Virtual-Platform systemd: General system event 322
2026-02-03T04:20:44.585259+02:00 rahmo-VMware-Virtual-Platform systemd: General system event 323
2026-02-03T04:20:45.585259+02:00 rahmo-VMware-Virtual-Platform kernel: General system event 324
2026-02-03T04:20:46.585259+02:00 rahmo-VMware-Virtual-Platform kernel: General system event 325
2026-02-03T04:20:47.585259+02:00 rahmo-VMware-Virtual-Platform systemd: General system event 326
2026-02-03T04:20:48.585259+02:00 rahmo-VMware-Virtual-Platform systemd: General system event 327
2026-02-03T04:20:49.585259+02:00 rahmo-VMware-Virtual-Platform systemd: General system event 328
2026-02-03T04:20:50.585259+02:00 rahmo-VMware-Virtual-Platform kernel: General system event 329
2026-02-03T04:20:51.585259+02:00 rahmo-VMware-Virtual-Platform systemd: General system event 330
2026-02-03T04:20:52.585259+02:00 rahmo-VMware-Virtual-Platform kernel: General system event 331
2026-02-03T04:20:53.585259+02:00 rahmo-VMware-Virtual-Platform kernel: General system event 332
2026-02-03T04:20:54.585259+02:00 rahmo-VMware-Virtual-Platform kernel: General system event 333
2026-02-03T04:20:55.585259+02:00 rahmo-VMware-Virtual-Platform systemd: General system event 334
2026-02-03T04:20:56.585259+02:00 rahmo-VMware-Virtual-Platform systemd: General system event 335
2026-02-03T04:20:57.585259+02:00 rahmo-VMware-Virtual-Platform systemd: General system event 336
2026-02-03T04:20:58.585259+02:00 rahmo-VMware-Virtual-Platform systemd: General system event 337
2026-02-03T04:20:59.585259+02:00 rahmo-VMware-Virtual-Platform kernel: General system event 338
2026-02-03T04:21:00.585259+02:00 rahmo-VMware-Virtual-Platform kernel: General system event 339
2026-02-03T04:21:01.585259+02:00 rahmo-VMware-Virtual-Platform kernel: General system event 340
2026-02-03T04:21:02.585259+02:00 rahmo-VMware-Virtual-Platform systemd: General system event 341
2026-02-03T04:21:03.585259+02:00 rahmo-VMware-Virtual-Platform systemd: General system event 342
2026-02-03T04:21:04.585259+02:00 rahmo-VMware-Virtual-Platform kernel: General system event 343
2026-02-03T04:21:05.585259+02:00 rahmo-VMware-Virtual-Platform kernel: General system event 344
2026-02-03T04:21:06.585259+02:00 rahmo-VMware-Virtual-Platform kernel: General system event 345
2026-02-03T04:21:07.585259+02:00 rahmo-VMware-Virtual-Platform kernel: General system event 346
2026-02-03T04:21:08.585259+02:00 rahmo-VMware-Virtual-Platform systemd: General system event 347
2026-02-03T04:21:09.585259+02:00 rahmo-VMware-Virtual-Platform systemd: General system event 348
2026-02-03T04:21:10.585259+02:00 rahmo-VMware-Virtual-Platform kernel: General system event 349
2026-02-03T04:21:11.585259+02:00 rahmo-VMware-Virtual-Platform kernel: General system event 350
2026-02-03T04:21:12.585259+02:00 rahmo-VMware-Virtual-Platform kernel: General system event 351
2026-02-03T04:21:13.585259+02:00 rahmo-VMware-Virtual-Platform systemd: General system event 352
2026-02-03T04:21:14.585259+02:00 rahmo-VMware-Virtual-Platform kernel: General system event 353
2026-02-03T04:21:15.585259+02:00 rahmo-VMware-Virtual-Platform kernel: General system event 354
2026-02-03T04:21:16.585259+02:00 rahmo-VMware-Virtual-Platform kernel: General system event 355
2026-02-03T04:21:17.585259+02:00 rahmo-VMware-Virtual-Platform kernel: General system event 356
2026-02-03T04:21:18.585259+02:00 rahmo-VMware-Virtual-Platform systemd: General system event 357
2026-02-03T04:21:19.585259+02:00 rahmo-VMware-Virtual-Platform kernel: General system event 358
2026-02-03T04:21:20.585259+02:00 rahmo-VMware-Virtual-Platform systemd: General system event 359
2026-02-03T04:21:21.585259+02:00 rahmo-VMware-Virtual-Platform systemd: General system event 360
2026-02-03T04:21:22.585259+02:00 rahmo-VMware-Virtual-Platform systemd: General system event 361
2026-02-03T04:21:23.585259+02:00 rahmo-VMware-Virtual-Platform systemd: General system event 362
2026-02-03T04:21:24.585259+02:00 rahmo-VMware-Virtual-Platform systemd: General system event 363
2026-02-03T04:21:25.585259+02:00 rahmo-VMware-Virtual-Platform systemd: General system event 364
2026-02-03T04:21:26.585259+02:00 rahmo-VMware-Virtual-Platform systemd: General system event 365
2026-02-03T04:21:27.585259+02:00 rahmo-VMware-Virtual-Platform systemd: General system event 366
2026-02-03T04:21:28.585259+02:00 rahmo-VMware-Virtual-Platform kernel: General system event 367
2026-02-03T04:21:29.585259+02:00 rahmo-VMware-Virtual-Platform systemd: General system event 368
2026-02-03T04:21:30.585259+02:00 rahmo-VMware-Virtual-Platform systemd: General system event 369
2026-02-03T04:21:31.585259+02:00 rahmo-VMware-Virtual-Platform kernel: General system event 370
2026-02-03T04:21:32.585259+02:00 rahmo-VMware-Virtual-Platform kernel: General system event 371
2026-02-03T04:21:33.585259+02:00 rahmo-VMware-Virtual-Platform kernel: General system event 372
2026-02-03T04:21:34.585259+02:00 rahmo-VMware-Virtual-Platform systemd: General system event 373
2026-02-03T04:21:35.585259+02:00 rahmo-VMware-Virtual-Platform systemd: General system event 374
2026-02-03T04:21:36.585259+02:00 rahmo-VMware-Virtual-Platform systemd: General system event 375
2026-02-03T04:21:37.585259+02:00 rahmo-VMware-Virtual-Platform kernel: General system event 376
2026-02-03T04:21:38.585259+02:00 rahmo-VMware-Virtual-Platform systemd: General system event 377
2026-02-03T04:21:39.585259+02:00 rahmo-VMware-Virtual-Platform systemd: General system event 378
2026-02-03T04:21:40.585259+02:00 rahmo-VMware-Virtual-Platform systemd: General system event 379
2026-02-03T04:21:41.585259+02:00 rahmo-VMware-Virtual-Platform systemd: General system event 380
2026-02-03T04:21:42.585259+02:00 rahmo-VMware-Virtual-Platform systemd: General system event 381
2026-02-03T04:21:43.585259+02:00 rahmo-VMware-Virtual-Platform kernel: General system event 382
2026-02-03T04:21:44.585259+02:00 rahmo-VMware-Virtual-Platform kernel: General system event 383
2026-02-03T04:21:45.585259+02:00 rahmo-VMware-Virtual-Platform systemd: General system event 384
2026-02-03T04:21:46.585259+02:00 rahmo-VMware-Virtual-Platform systemd: General system event 385
2026-02-03T04:21:47.585259+02:00 rahmo-VMware-Virtual-Platform kernel: General system event 386
2026-02-03T04:21:48.585259+02:00 rahmo-VMware-Virtual-Platform systemd: General system event 387
2026-02-03T04:21:49.585259+02:00 rahmo-VMware-Virtual-Platform kernel: General system event 388
2026-02-03T04:21:50.585259+02:00 rahmo-VMware-Virtual-Platform systemd: General system event 389
2026-02-03T04:21:51.585259+02:00 rahmo-VMware-Virtual-Platform kernel: General system event 390
2026-02-03T04:21:52.585259+02:00 rahmo-VMware-Virtual-Platform kernel: General system event 391
2026-02-03T04:21:53.585259+02:00 rahmo-VMware-Virtual-Platform kernel: General system event 392
2026-02-03T04:21:54.585259+02:00 rahmo-VMware-Virtual-Platform kernel: General system event 393
2026-02-03T04:21:55.585259+02:00 rahmo-VMware-Virtual-Platform kernel: General system event 394
2026-02-03T04:21:56.585259+02:00 rahmo-VMware-Virtual-Platform kernel: General system event 395
2026-02-03T04:21:57.585259+02:00 rahmo-VMware-Virtual-Platform kernel: General system event 396
2026-02-03T04:21:58.585259+02:00 rahmo-VMware-Virtual-Platform systemd: General system event 397
2026-02-03T04:21:59.585259+02:00 rahmo-VMware-Virtual-Platform kernel: General system event 398
2026-02-03T04:22:00.585259+02:00 rahmo-VMware-Virtual-Platform systemd: General system event 399
2026-02-03T04:22:01.585259+02:00 rahmo-VMware-Virtual-Platform systemd: General system event 400
2026-02-03T04:22:02.585259+02:00 rahmo-VMware-Virtual-Platform systemd: General system event 401
2026-02-03T04:22:03.585259+02:00 rahmo-VMware-Virtual-Platform systemd: General system event 402
2026-02-03T04:22:04.585259+02:00 rahmo-VMware-Virtual-Platform kernel: General system event 403
2026-02-03T04:22:05.585259+02:00 rahmo-VMware-Virtual-Platform kernel: General system event 404
2026-02-03T04:22:06.585259+02:00 rahmo-VMware-Virtual-Platform kernel: General system event 405
2026-02-03T04:22:07.585259+02:00 rahmo-VMware-Virtual-Platform systemd: General system event 406
2026-02-03T04:22:08.585259+02:00 rahmo-VMware-Virtual-Platform kernel: General system event 407
2026-02-03T04:22:09.585259+02:00 rahmo-VMware-Virtual-Platform systemd: General system event 408
2026-02-03T04:22:10.585259+02:00 rahmo-VMware-Virtual-Platform kernel: General system event 409
2026-02-03T04:22:11.585259+02:00 rahmo-VMware-Virtual-Platform systemd: General system event 410
2026-02-03T04:22:12.585259+02:00 rahmo-VMware-Virtual-Platform kernel: General system event 411
2026-02-03T04:22:13.585259+02:00 rahmo-VMware-Virtual-Platform systemd: General system event 412
2026-02-03T04:22:14.585259+02:00 rahmo-VMware-Virtual-Platform systemd: General system event 413
2026-02-03T04:22:15.585259+02:00 rahmo-VMware-Virtual-Platform systemd: General system event 414
2026-02-03T04:22:16.585259+02:00 rahmo-VMware-Virtual-Platform systemd: General system event 415
2026-02-03T04:22:17.585259+02:00 rahmo-VMware-Virtual-Platform systemd: General system event 416
2026-02-03T04:22:18.585259+02:00 rahmo-VMware-Virtual-Platform systemd: General system event 417
2026-02-03T04:22:19.585259+02:00 rahmo-VMware-Virtual-Platform kernel: General system event 418
2026-02-03T04:22:20.585259+02:00 rahmo-VMware-Virtual-Platform kernel: General system event 419
2026-02-03T04:22:21.585259+02:00 rahmo-VMware-Virtual-Platform kernel: General system event 420
2026-02-03T04:22:22.585259+02:00 rahmo-VMware-Virtual-Platform kernel: General system event 421
2026-02-03T04:22:23.585259+02:00 rahmo-VMware-Virtual-Platform systemd: General system event 422
2026-02-03T04:22:24.585259+02:00 rahmo-VMware-Virtual-Platform systemd: General system event 423
2026-02-03T04:22:25.585259+02:00 rahmo-VMware-Virtual-Platform systemd: General system event 424
2026-02-03T04:22:26.585259+02:00 rahmo-VMware-Virtual-Platform systemd: General system event 425
2026-02-03T04:22:27.585259+02:00 rahmo-VMware-Virtual-Platform systemd: General system event 426
2026-02-03T04:22:28.585259+02:00 rahmo-VMware-Virtual-Platform systemd: General system event 427
2026-02-03T04:22:29.585259+02:00 rahmo-VMware-Virtual-Platform systemd: General system event 428
2026-02-03T04:22:30.585259+02:00 rahmo-VMware-Virtual-Platform systemd: General system event 429
2026-02-03T04:22:31.585259+02:00 rahmo-VMware-Virtual-Platform systemd: General system event 430
2026-02-03T04:22:32.585259+02:00 rahmo-VMware-Virtual-Platform kernel: General system event 431
2026-02-03T04:22:33.585259+02:00 rahmo-VMware-Virtual-Platform kernel: General system event 432
2026-02-03T04:22:34.585259+02:00 rahmo-VMware-Virtual-Platform kernel: General system event 433
2026-02-03T04:22:35.585259+02:00 rahmo-VMware-Virtual-Platform kernel: General system event 434
2026-02-03T04:22:36.585259+02:00 rahmo-VMware-Virtual-Platform kernel: General system event 435
2026-02-03T04:22:37.585259+02:00 rahmo-VMware-Virtual-Platform kernel: General system event 436
2026-02-03T04:22:38.585259+02:00 rahmo-VMware-Virtual-Platform kernel: General system event 437
2026-02-03T04:22:39.585259+02:00 rahmo-VMware-Virtual-Platform systemd: General system event 438
2026-02-03T04:22:40.585259+02:00 rahmo-VMware-Virtual-Platform systemd: General system event 439
2026-02-03T04:22:41.585259+02:00 rahmo-VMware-Virtual-Platform kernel: General system event 440
2026-02-03T04:22:42.585259+02:00 rahmo-VMware-Virtual-Platform kernel: General system event 441
2026-02-03T04:22:43.585259+02:00 rahmo-VMware-Virtual-Platform systemd: General system event 442
2026-02-03T04:22:44.585259+02:00 rahmo-VMware-Virtual-Platform systemd: General system event 443
2026-02-03T04:22:45.585259+02:00 rahmo-VMware-Virtual-Platform systemd: General system event 444
2026-02-03T04:22:46.585259+02:00 rahmo-VMware-Virtual-Platform kernel: General system event 445
2026-02-03T04:22:47.585259+02:00 rahmo-VMware-Virtual-Platform kernel: General system event 446
2026-02-03T04:22:48.585259+02:00 rahmo-VMware-Virtual-Platform kernel: General system event 447
2026-02-03T04:22:49.585259+02:00 rahmo-VMware-Virtual-Platform systemd: General system event 448
2026-02-03T04:22:50.585259+02:00 rahmo-VMware-Virtual-Platform kernel: General system event 449
2026-02-03T04:22:51.585259+02:00 rahmo-VMware-Virtual-Platform systemd: General system event 450
2026-02-03T04:22:52.585259+02:00 rahmo-VMware-Virtual-Platform kernel: General system event 451
2026-02-03T04:22:53.585259+02:00 rahmo-VMware-Virtual-Platform systemd: General system event 452
2026-02-03T04:22:54.585259+02:00 rahmo-VMware-Virtual-Platform kernel: General system event 453
2026-02-03T04:22:55.585259+02:00 rahmo-VMware-Virtual-Platform kernel: General system event 454
2026-02-03T04:22:56.585259+02:00 rahmo-VMware-Virtual-Platform kernel: General system event 455
2026-02-03T04:22:57.585259+02:00 rahmo-VMware-Virtual-Platform systemd: General system event 456
2026-02-03T04:22:58.585259+02:00 rahmo-VMware-Virtual-Platform kernel: General system event 457
2026-02-03T04:22:59.585259+02:00 rahmo-VMware-Virtual-Platform kernel: General system event 458
2026-02-03T04:23:00.585259+02:00 rahmo-VMware-Virtual-Platform kernel: General system event 459
2026-02-03T04:23:01.585259+02:00 rahmo-VMware-Virtual-Platform kernel: General system event 460
2026-02-03T04:23:02.585259+02:00 rahmo-VMware-Virtual-Platform systemd: General system event 461
2026-02-03T04:23:03.585259+02:00 rahmo-VMware-Virtual-Platform systemd: General system event 462
2026-02-03T04:23:04.585259+02:00 rahmo-VMware-Virtual-Platform kernel: General system event 463
2026-02-03T04:23:05.585259+02:00 rahmo-VMware-Virtual-Platform systemd: General system event 464
2026-02-03T04:23:06.585259+02:00 rahmo-VMware-Virtual-Platform kernel: General system event 465
2026-02-03T04:23:07.585259+02:00 rahmo-VMware-Virtual-Platform systemd: General system event 466
2026-02-03T04:23:08.585259+02:00 rahmo-VMware-Virtual-Platform kernel: General system event 467
2026-02-03T04:23:09.585259+02:00 rahmo-VMware-Virtual-Platform kernel: General system event 468
2026-02-03T04:23:10.585259+02:00 rahmo-VMware-Virtual-Platform kernel: General system event 469
2026-02-03T04:23:11.585259+02:00 rahmo-VMware-Virtual-Platform systemd: General system event 470
2026-02-03T04:23:12.585259+02:00 rahmo-VMware-Virtual-Platform systemd: General system event 471
2026-02-03T04:23:13.585259+02:00 rahmo-VMware-Virtual-Platform systemd: General system event 472
2026-02-03T04:23:14.585259+02:00 rahmo-VMware-Virtual-Platform systemd: General system event 473
2026-02-03T04:23:15.585259+02:00 rahmo-VMware-Virtual-Platform kernel: General system event 474
2026-02-03T04:23:16.585259+02:00 rahmo-VMware-Virtual-Platform kernel: General system event 475
2026-02-03T04:23:17.585259+02:00 rahmo-VMware-Virtual-Platform kernel: General system event 476
2026-02-03T04:23:18.585259+02:00 rahmo-VMware-Virtual-Platform systemd: General system event 477
2026-02-03T04:23:19.585259+02:00 rahmo-VMware-Virtual-Platform kernel: General system event 478
2026-02-03T04:23:20.585259+02:00 rahmo-VMware-Virtual-Platform systemd: General system event 479
2026-02-03T04:23:21.585259+02:00 rahmo-VMware-Virtual-Platform systemd: General system event 480
2026-02-03T04:23:22.585259+02:00 rahmo-VMware-Virtual-Platform systemd: General system event 481
2026-02-03T04:23:23.585259+02:00 rahmo-VMware-Virtual-Platform kernel: General system event 482
2026-02-03T04:23:24.585259+02:00 rahmo-VMware-Virtual-Platform systemd: General system event 483
2026-02-03T04:23:25.585259+02:00 rahmo-VMware-Virtual-Platform kernel: General system event 484
2026-02-03T04:23:26.585259+02:00 rahmo-VMware-Virtual-Platform systemd: General system event 485
2026-02-03T04:23:27.585259+02:00 rahmo-VMware-Virtual-Platform systemd: General system event 486
2026-02-03T04:23:28.585259+02:00 rahmo-VMware-Virtual-Platform kernel: General system event 487
2026-02-03T04:23:29.585259+02:00 rahmo-VMware-Virtual-Platform kernel: General system event 488
2026-02-03T04:23:30.585259+02:00 rahmo-VMware-Virtual-Platform systemd: General system event 489
2026-02-03T04:23:31.585259+02:00 rahmo-VMware-Virtual-Platform kernel: General system event 490
2026-02-03T04:23:32.585259+02:00 rahmo-VMware-Virtual-Platform systemd: General system event 491
2026-02-03T04:23:33.585259+02:00 rahmo-VMware-Virtual-Platform kernel: General system event 492
2026-02-03T04:23:34.585259+02:00 rahmo-VMware-Virtual-Platform systemd: General system event 493
2026-02-03T04:23:35.585259+02:00 rahmo-VMware-Virtual-Platform systemd: General system event 494
2026-02-03T04:23:36.585259+02:00 rahmo-VMware-Virtual-Platform systemd: General system event 495
2026-02-03T04:23:37.585259+02:00 rahmo-VMware-Virtual-Platform kernel: General system event 496
2026-02-03T04:23:38.585259+02:00 rahmo-VMware-Virtual-Platform systemd: General system event 497
2026-02-03T04:23:39.585259+02:00 rahmo-VMware-Virtual-Platform kernel: General system event 498
2026-02-03T04:23:40.585259+02:00 rahmo-VMware-Virtual-Platform kernel: General system event 499
2026-02-03T04:23:41.585259+02:00 rahmo-VMware-Virtual-Platform nginx: Inbound request from 192.168.1.100 - user-agent: 'sqlmap-scanner'
2026-02-03T04:23:42.585259+02:00 rahmo-VMware-Virtual-Platform kernel: General system event 501
2026-02-03T04:23:43.585259+02:00 rahmo-VMware-Virtual-Platform kernel: General system event 502
2026-02-03T04:23:44.585259+02:00 rahmo-VMware-Virtual-Platform kernel: General system event 503
2026-02-03T04:23:45.585259+02:00 rahmo-VMware-Virtual-Platform systemd: General system event 504
2026-02-03T04:23:46.585259+02:00 rahmo-VMware-Virtual-Platform kernel: General system event 505
2026-02-03T04:23:47.585259+02:00 rahmo-VMware-Virtual-Platform systemd: General system event 506
2026-02-03T04:23:48.585259+02:00 rahmo-VMware-Virtual-Platform systemd: General system event 507
2026-02-03T04:23:49.585259+02:00 rahmo-VMware-Virtual-Platform kernel: General system event 508
2026-02-03T04:23:50.585259+02:00 rahmo-VMware-Virtual-Platform kernel: General system event 509
2026-02-03T04:23:51.585259+02:00 rahmo-VMware-Virtual-Platform kernel: General system event 510
2026-02-03T04:23:52.585259+02:00 rahmo-VMware-Virtual-Platform systemd: General system event 511
2026-02-03T04:23:53.585259+02:00 rahmo-VMware-Virtual-Platform systemd: General system event 512
2026-02-03T04:23:54.585259+02:00 rahmo-VMware-Virtual-Platform systemd: General system event 513
2026-02-03T04:23:55.585259+02:00 rahmo-VMware-Virtual-Platform systemd: General system event 514
2026-02-03T04:23:56.585259+02:00 rahmo-VMware-Virtual-Platform kernel: General system event 515
2026-02-03T04:23:57.585259+02:00 rahmo-VMware-Virtual-Platform systemd: General system event 516
2026-02-03T04:23:58.585259+02:00 rahmo-VMware-Virtual-Platform kernel: General system event 517
2026-02-03T04:23:59.585259+02:00 rahmo-VMware-Virtual-Platform systemd: General system event 518
2026-02-03T04:24:00.585259+02:00 rahmo-VMware-Virtual-Platform kernel: General system event 519
2026-02-03T04:24:01.585259+02:00 rahmo-VMware-Virtual-Platform kernel: General system event 520
2026-02-03T04:24:02.585259+02:00 rahmo-VMware-Virtual-Platform systemd: General system event 521
2026-02-03T04:24:03.585259+02:00 rahmo-VMware-Virtual-Platform kernel: General system event 522
2026-02-03T04:24:04.585259+02:00 rahmo-VMware-Virtual-Platform kernel: General system event 523
2026-02-03T04:24:05.585259+02:00 rahmo-VMware-Virtual-Platform kernel: General system event 524
2026-02-03T04:24:06.585259+02:00 rahmo-VMware-Virtual-Platform kernel: General system event 525
2026-02-03T04:24:07.585259+02:00 rahmo-VMware-Virtual-Platform systemd: General system event 526
2026-02-03T04:24:08.585259+02:00 rahmo-VMware-Virtual-Platform kernel: General system event 527
2026-02-03T04:24:09.585259+02:00 rahmo-VMware-Virtual-Platform kernel: General system event 528
2026-02-03T04:24:10.585259+02:00 rahmo-VMware-Virtual-Platform systemd: General system event 529
2026-02-03T04:24:11.585259+02:00 rahmo-VMware-Virtual-Platform kernel: General system event 530
2026-02-03T04:24:12.585259+02:00 rahmo-VMware-Virtual-Platform systemd: General system event 531
2026-02-03T04:24:13.585259+02:00 rahmo-VMware-Virtual-Platform kernel: General system event 532
2026-02-03T04:24:14.585259+02:00 rahmo-VMware-Virtual-Platform systemd: General system event 533
2026-02-03T04:24:15.585259+02:00 rahmo-VMware-Virtual-Platform kernel: General system event 534
2026-02-03T04:24:16.585259+02:00 rahmo-VMware-Virtual-Platform kernel: General system event 535
2026-02-03T04:24:17.585259+02:00 rahmo-VMware-Virtual-Platform systemd: General system event 536
2026-02-03T04:24:18.585259+02:00 rahmo-VMware-Virtual-Platform systemd: General system event 537
2026-02-03T04:24:19.585259+02:00 rahmo-VMware-Virtual-Platform kernel: General system event 538
2026-02-03T04:24:20.585259+02:00 rahmo-VMware-Virtual-Platform systemd: General system event 539
2026-02-03T04:24:21.585259+02:00 rahmo-VMware-Virtual-Platform kernel: General system event 540
2026-02-03T04:24:22.585259+02:00 rahmo-VMware-Virtual-Platform systemd: General system event 541
2026-02-03T04:24:23.585259+02:00 rahmo-VMware-Virtual-Platform kernel: General system event 542
2026-02-03T04:24:24.585259+02:00 rahmo-VMware-Virtual-Platform systemd: General system event 543
2026-02-03T04:24:25.585259+02:00 rahmo-VMware-Virtual-Platform kernel: General system event 544
2026-02-03T04:24:26.585259+02:00 rahmo-VMware-Virtual-Platform systemd: General system event 545
2026-02-03T04:24:27.585259+02:00 rahmo-VMware-Virtual-Platform kernel: General system event 546
2026-02-03T04:24:28.585259+02:00 rahmo-VMware-Virtual-Platform kernel: General system event 547
2026-02-03T04:24:29.585259+02:00 rahmo-VMware-Virtual-Platform systemd: General system event 548
2026-02-03T04:24:30.585259+02:00 rahmo-VMware-Virtual-Platform kernel: General system event 549
2026-02-03T04:24:31.585259+02:00 rahmo-VMware-Virtual-Platform systemd: General system event 550
2026-02-03T04:24:32.585259+02:00 rahmo-VMware-Virtual-Platform kernel: General system event 551
2026-02-03T04:24:33.585259+02:00 rahmo-VMware-Virtual-Platform systemd: General system event 552
2026-02-03T04:24:34.585259+02:00 rahmo-VMware-Virtual-Platform kernel: General system event 553
2026-02-03T04:24:35.585259+02:00 rahmo-VMware-Virtual-Platform systemd: General system event 554
2026-02-03T04:24:36.585259+02:00 rahmo-VMware-Virtual-Platform systemd: General system event 555
2026-02-03T04:24:37.585259+02:00 rahmo-VMware-Virtual-Platform kernel: General system event 556
2026-02-03T04:24:38.585259+02:00 rahmo-VMware-Virtual-Platform kernel: General system event 557
2026-02-03T04:24:39.585259+02:00 rahmo-VMware-Virtual-Platform systemd: General system event 558
2026-02-03T04:24:40.585259+02:00 rahmo-VMware-Virtual-Platform kernel: General system event 559
2026-02-03T04:24:41.585259+02:00 rahmo-VMware-Virtual-Platform systemd: General system event 560
2026-02-03T04:24:42.585259+02:00 rahmo-VMware-Virtual-Platform kernel: General system event 561
2026-02-03T04:24:43.585259+02:00 rahmo-VMware-Virtual-Platform kernel: General system event 562
2026-02-03T04:24:44.585259+02:00 rahmo-VMware-Virtual-Platform systemd: General system event 563
2026-02-03T04:24:45.585259+02:00 rahmo-VMware-Virtual-Platform systemd: General system event 564
2026-02-03T04:24:46.585259+02:00 rahmo-VMware-Virtual-Platform systemd: General system event 565
2026-02-03T04:24:47.585259+02:00 rahmo-VMware-Virtual-Platform kernel: General system event 566
2026-02-03T04:24:48.585259+02:00 rahmo-VMware-Virtual-Platform systemd: General system event 567
2026-02-03T04:24:49.585259+02:00 rahmo-VMware-Virtual-Platform systemd: General system event 568
2026-02-03T04:24:50.585259+02:00 rahmo-VMware-Virtual-Platform kernel: General system event 569
2026-02-03T04:24:51.585259+02:00 rahmo-VMware-Virtual-Platform kernel: General system event 570
2026-02-03T04:24:52.585259+02:00 rahmo-VMware-Virtual-Platform kernel: General system event 571
2026-02-03T04:24:53.585259+02:00 rahmo-VMware-Virtual-Platform kernel: General system event 572
2026-02-03T04:24:54.585259+02:00 rahmo-VMware-Virtual-Platform systemd: General system event 573
2026-02-03T04:24:55.585259+02:00 rahmo-VMware-Virtual-Platform systemd: General system event 574
2026-02-03T04:24:56.585259+02:00 rahmo-VMware-Virtual-Platform kernel: General system event 575
2026-02-03T04:24:57.585259+02:00 rahmo-VMware-Virtual-Platform kernel: General system event 576
2026-02-03T04:24:58.585259+02:00 rahmo-VMware-Virtual-Platform systemd: General system event 577
2026-02-03T04:24:59.585259+02:00 rahmo-VMware-Virtual-Platform systemd: General system event 578
2026-02-03T04:25:00.585259+02:00 rahmo-VMware-Virtual-Platform kernel: General system event 579
2026-02-03T04:25:01.585259+02:00 rahmo-VMware-Virtual-Platform kernel: General system event 580
2026-02-03T04:25:02.585259+02:00 rahmo-VMware-Virtual-Platform kernel: General system event 581
2026-02-03T04:25:03.585259+02:00 rahmo-VMware-Virtual-Platform systemd: General system event 582
2026-02-03T04:25:04.585259+02:00 rahmo-VMware-Virtual-Platform systemd: General system event 583
2026-02-03T04:25:05.585259+02:00 rahmo-VMware-Virtual-Platform kernel: General system event 584
2026-02-03T04:25:06.585259+02:00 rahmo-VMware-Virtual-Platform kernel: General system event 585
2026-02-03T04:25:07.585259+02:00 rahmo-VMware-Virtual-Platform systemd: General system event 586
2026-02-03T04:25:08.585259+02:00 rahmo-VMware-Virtual-Platform systemd: General system event 587
2026-02-03T04:25:09.585259+02:00 rahmo-VMware-Virtual-Platform kernel: General system event 588
2026-02-03T04:25:10.585259+02:00 rahmo-VMware-Virtual-Platform systemd: General system event 589
2026-02-03T04:25:11.585259+02:00 rahmo-VMware-Virtual-Platform systemd: General system event 590
2026-02-03T04:25:12.585259+02:00 rahmo-VMware-Virtual-Platform kernel: General system event 591
2026-02-03T04:25:13.585259+02:00 rahmo-VMware-Virtual-Platform systemd: General system event 592
2026-02-03T04:25:14.585259+02:00 rahmo-VMware-Virtual-Platform systemd: General system event 593
2026-02-03T04:25:15.585259+02:00 rahmo-VMware-Virtual-Platform systemd: General system event 594
2026-02-03T04:25:16.585259+02:00 rahmo-VMware-Virtual-Platform systemd: General system event 595
2026-02-03T04:25:17.585259+02:00 rahmo-VMware-Virtual-Platform kernel: General system event 596
2026-02-03T04:25:18.585259+02:00 rahmo-VMware-Virtual-Platform systemd: General system event 597
2026-02-03T04:25:19.585259+02:00 rahmo-VMware-Virtual-Platform systemd: General system event 598
2026-02-03T04:25:20.585259+02:00 rahmo-VMware-Virtual-Platform kernel: General system event 599
2026-02-03T04:25:21.585259+02:00 rahmo-VMware-Virtual-Platform systemd: General system event 600
2026-02-03T04:25:22.585259+02:00 rahmo-VMware-Virtual-Platform kernel: General system event 601
2026-02-03T04:25:23.585259+02:00 rahmo-VMware-Virtual-Platform systemd: General system event 602
2026-02-03T04:25:24.585259+02:00 rahmo-VMware-Virtual-Platform systemd: General system event 603
2026-02-03T04:25:25.585259+02:00 rahmo-VMware-Virtual-Platform systemd: General system event 604
2026-02-03T04:25:26.585259+02:00 rahmo-VMware-Virtual-Platform systemd: General system event 605
2026-02-03T04:25:27.585259+02:00 rahmo-VMware-Virtual-Platform systemd: General system event 606
2026-02-03T04:25:28.585259+02:00 rahmo-VMware-Virtual-Platform kernel: General system event 607
2026-02-03T04:25:29.585259+02:00 rahmo-VMware-Virtual-Platform kernel: General system event 608
2026-02-03T04:25:30.585259+02:00 rahmo-VMware-Virtual-Platform kernel: General system event 609
2026-02-03T04:25:31.585259+02:00 rahmo-VMware-Virtual-Platform kernel: General system event 610
2026-02-03T04:25:32.585259+02:00 rahmo-VMware-Virtual-Platform kernel: General system event 611
2026-02-03T04:25:33.585259+02:00 rahmo-VMware-Virtual-Platform kernel: General system event 612
2026-02-03T04:25:34.585259+02:00 rahmo-VMware-Virtual-Platform systemd: General system event 613
2026-02-03T04:25:35.585259+02:00 rahmo-VMware-Virtual-Platform kernel: General system event 614
2026-02-03T04:25:36.585259+02:00 rahmo-VMware-Virtual-Platform systemd: General system event 615
2026-02-03T04:25:37.585259+02:00 rahmo-VMware-Virtual-Platform systemd: General system event 616
2026-02-03T04:25:38.585259+02:00 rahmo-VMware-Virtual-Platform systemd: General system event 617
2026-02-03T04:25:39.585259+02:00 rahmo-VMware-Virtual-Platform kernel: General system event 618
2026-02-03T04:25:40.585259+02:00 rahmo-VMware-Virtual-Platform systemd: General system event 619
2026-02-03T04:25:41.585259+02:00 rahmo-VMware-Virtual-Platform systemd: General system event 620
2026-02-03T04:25:42.585259+02:00 rahmo-VMware-Virtual-Platform systemd: General system event 621
2026-02-03T04:25:43.585259+02:00 rahmo-VMware-Virtual-Platform systemd: General system event 622
2026-02-03T04:25:44.585259+02:00 rahmo-VMware-Virtual-Platform systemd: General system event 623
2026-02-03T04:25:45.585259+02:00 rahmo-VMware-Virtual-Platform kernel: General system event 624
2026-02-03T04:25:46.585259+02:00 rahmo-VMware-Virtual-Platform systemd: General system event 625
2026-02-03T04:25:47.585259+02:00 rahmo-VMware-Virtual-Platform systemd: General system event 626
2026-02-03T04:25:48.585259+02:00 rahmo-VMware-Virtual-Platform kernel: General system event 627
2026-02-03T04:25:49.585259+02:00 rahmo-VMware-Virtual-Platform systemd: General system event 628
2026-02-03T04:25:50.585259+02:00 rahmo-VMware-Virtual-Platform kernel: General system event 629
2026-02-03T04:25:51.585259+02:00 rahmo-VMware-Virtual-Platform kernel: General system event 630
2026-02-03T04:25:52.585259+02:00 rahmo-VMware-Virtual-Platform systemd: General system event 631
2026-02-03T04:25:53.585259+02:00 rahmo-VMware-Virtual-Platform kernel: General system event 632
2026-02-03T04:25:54.585259+02:00 rahmo-VMware-Virtual-Platform systemd: General system event 633
2026-02-03T04:25:55.585259+02:00 rahmo-VMware-Virtual-Platform systemd: General system event 634
2026-02-03T04:25:56.585259+02:00 rahmo-VMware-Virtual-Platform kernel: General system event 635
2026-02-03T04:25:57.585259+02:00 rahmo-VMware-Virtual-Platform systemd: General system event 636
2026-02-03T04:25:58.585259+02:00 rahmo-VMware-Virtual-Platform kernel: General system event 637
2026-02-03T04:25:59.585259+02:00 rahmo-VMware-Virtual-Platform systemd: General system event 638
2026-02-03T04:26:00.585259+02:00 rahmo-VMware-Virtual-Platform kernel: General system event 639
2026-02-03T04:26:01.585259+02:00 rahmo-VMware-Virtual-Platform systemd: General system event 640
2026-02-03T04:26:02.585259+02:00 rahmo-VMware-Virtual-Platform kernel: General system event 641
2026-02-03T04:26:03.585259+02:00 rahmo-VMware-Virtual-Platform kernel: General system event 642
2026-02-03T04:26:04.585259+02:00 rahmo-VMware-Virtual-Platform systemd: General system event 643
2026-02-03T04:26:05.585259+02:00 rahmo-VMware-Virtual-Platform kernel: General system event 644
2026-02-03T04:26:06.585259+02:00 rahmo-VMware-Virtual-Platform systemd: General system event 645
2026-02-03T04:26:07.585259+02:00 rahmo-VMware-Virtual-Platform kernel: General system event 646
2026-02-03T04:26:08.585259+02:00 rahmo-VMware-Virtual-Platform systemd: General system event 647
2026-02-03T04:26:09.585259+02:00 rahmo-VMware-Virtual-Platform systemd: General system event 648
2026-02-03T04:26:10.585259+02:00 rahmo-VMware-Virtual-Platform kernel: General system event 649
2026-02-03T04:26:11.585259+02:00 rahmo-VMware-Virtual-Platform kernel: General system event 650
2026-02-03T04:26:12.585259+02:00 rahmo-VMware-Virtual-Platform kernel: General system event 651
2026-02-03T04:26:13.585259+02:00 rahmo-VMware-Virtual-Platform kernel: General system event 652
2026-02-03T04:26:14.585259+02:00 rahmo-VMware-Virtual-Platform systemd: General system event 653
2026-02-03T04:26:15.585259+02:00 rahmo-VMware-Virtual-Platform kernel: General system event 654
2026-02-03T04:26:16.585259+02:00 rahmo-VMware-Virtual-Platform kernel: General system event 655
2026-02-03T04:26:17.585259+02:00 rahmo-VMware-Virtual-Platform systemd: General system event 656
2026-02-03T04:26:18.585259+02:00 rahmo-VMware-Virtual-Platform systemd: General system event 657
2026-02-03T04:26:19.585259+02:00 rahmo-VMware-Virtual-Platform kernel: General system event 658
2026-02-03T04:26:20.585259+02:00 rahmo-VMware-Virtual-Platform kernel: General system event 659
2026-02-03T04:26:21.585259+02:00 rahmo-VMware-Virtual-Platform systemd: General system event 660
2026-02-03T04:26:22.585259+02:00 rahmo-VMware-Virtual-Platform systemd: General system event 661
2026-02-03T04:26:23.585259+02:00 rahmo-VMware-Virtual-Platform kernel: General system event 662
2026-02-03T04:26:24.585259+02:00 rahmo-VMware-Virtual-Platform systemd: General system event 663
2026-02-03T04:26:25.585259+02:00 rahmo-VMware-Virtual-Platform kernel: General system event 664
2026-02-03T04:26:26.585259+02:00 rahmo-VMware-Virtual-Platform kernel: General system event 665
2026-02-03T04:26:27.585259+02:00 rahmo-VMware-Virtual-Platform systemd: General system event 666
2026-02-03T04:26:28.585259+02:00 rahmo-VMware-Virtual-Platform systemd: General system event 667
2026-02-03T04:26:29.585259+02:00 rahmo-VMware-Virtual-Platform systemd: General system event 668
2026-02-03T04:26:30.585259+02:00 rahmo-VMware-Virtual-Platform systemd: General system event 669
2026-02-03T04:26:31.585259+02:00 rahmo-VMware-Virtual-Platform systemd: General system event 670
2026-02-03T04:26:32.585259+02:00 rahmo-VMware-Virtual-Platform kernel: General system event 671
2026-02-03T04:26:33.585259+02:00 rahmo-VMware-Virtual-Platform systemd: General system event 672
2026-02-03T04:26:34.585259+02:00 rahmo-VMware-Virtual-Platform kernel: General system event 673
2026-02-03T04:26:35.585259+02:00 rahmo-VMware-Virtual-Platform systemd: General system event 674
2026-02-03T04:26:36.585259+02:00 rahmo-VMware-Virtual-Platform systemd: General system event 675
2026-02-03T04:26:37.585259+02:00 rahmo-VMware-Virtual-Platform systemd: General system event 676
2026-02-03T04:26:38.585259+02:00 rahmo-VMware-Virtual-Platform kernel: General system event 677
2026-02-03T04:26:39.585259+02:00 rahmo-VMware-Virtual-Platform systemd: General system event 678
2026-02-03T04:26:40.585259+02:00 rahmo-VMware-Virtual-Platform systemd: General system event 679
2026-02-03T04:26:41.585259+02:00 rahmo-VMware-Virtual-Platform systemd: General system event 680
2026-02-03T04:26:42.585259+02:00 rahmo-VMware-Virtual-Platform systemd: General system event 681
2026-02-03T04:26:43.585259+02:00 rahmo-VMware-Virtual-Platform systemd: General system event 682
2026-02-03T04:26:44.585259+02:00 rahmo-VMware-Virtual-Platform systemd: General system event 683
2026-02-03T04:26:45.585259+02:00 rahmo-VMware-Virtual-Platform kernel: General system event 684
2026-02-03T04:26:46.585259+02:00 rahmo-VMware-Virtual-Platform kernel: General system event 685
2026-02-03T04:26:47.585259+02:00 rahmo-VMware-Virtual-Platform systemd: General system event 686
2026-02-03T04:26:48.585259+02:00 rahmo-VMware-Virtual-Platform systemd: General system event 687
2026-02-03T04:26:49.585259+02:00 rahmo-VMware-Virtual-Platform systemd: General system event 688
2026-02-03T04:26:50.585259+02:00 rahmo-VMware-Virtual-Platform kernel: General system event 689
2026-02-03T04:26:51.585259+02:00 rahmo-VMware-Virtual-Platform kernel: General system event 690
2026-02-03T04:26:52.585259+02:00 rahmo-VMware-Virtual-Platform kernel: General system event 691
2026-02-03T04:26:53.585259+02:00 rahmo-VMware-Virtual-Platform systemd: General system event 692
2026-02-03T04:26:54.585259+02:00 rahmo-VMware-Virtual-Platform kernel: General system event 693
2026-02-03T04:26:55.585259+02:00 rahmo-VMware-Virtual-Platform kernel: General system event 694
2026-02-03T04:26:56.585259+02:00 rahmo-VMware-Virtual-Platform systemd: General system event 695
2026-02-03T04:26:57.585259+02:00 rahmo-VMware-Virtual-Platform systemd: General system event 696
2026-02-03T04:26:58.585259+02:00 rahmo-VMware-Virtual-Platform kernel: General system event 697
2026-02-03T04:26:59.585259+02:00 rahmo-VMware-Virtual-Platform systemd: General system event 698
2026-02-03T04:27:00.585259+02:00 rahmo-VMware-Virtual-Platform systemd: General system event 699
2026-02-03T04:27:01.585259+02:00 rahmo-VMware-Virtual-Platform pkexec: pam_unix(polkit-1:session): session opened for user root by rahmo
2026-02-03T04:27:02.585259+02:00 rahmo-VMware-Virtual-Platform kernel: General system event 701
2026-02-03T04:27:03.585259+02:00 rahmo-VMware-Virtual-Platform kernel: General system event 702
2026-02-03T04:27:04.585259+02:00 rahmo-VMware-Virtual-Platform systemd: General system event 703
2026-02-03T04:27:05.585259+02:00 rahmo-VMware-Virtual-Platform systemd: General system event 704
2026-02-03T04:27:06.585259+02:00 rahmo-VMware-Virtual-Platform systemd: General system event 705
2026-02-03T04:27:07.585259+02:00 rahmo-VMware-Virtual-Platform systemd: General system event 706
2026-02-03T04:27:08.585259+02:00 rahmo-VMware-Virtual-Platform systemd: General system event 707
2026-02-03T04:27:09.585259+02:00 rahmo-VMware-Virtual-Platform kernel: General system event 708
2026-02-03T04:27:10.585259+02:00 rahmo-VMware-Virtual-Platform systemd: General system event 709
2026-02-03T04:27:11.585259+02:00 rahmo-VMware-Virtual-Platform kernel: General system event 710
2026-02-03T04:27:12.585259+02:00 rahmo-VMware-Virtual-Platform kernel: General system event 711
2026-02-03T04:27:13.585259+02:00 rahmo-VMware-Virtual-Platform kernel: General system event 712
2026-02-03T04:27:14.585259+02:00 rahmo-VMware-Virtual-Platform kernel: General system event 713
2026-02-03T04:27:15.585259+02:00 rahmo-VMware-Virtual-Platform kernel: General system event 714
2026-02-03T04:27:16.585259+02:00 rahmo-VMware-Virtual-Platform systemd: General system event 715
2026-02-03T04:27:17.585259+02:00 rahmo-VMware-Virtual-Platform kernel: General system event 716
2026-02-03T04:27:18.585259+02:00 rahmo-VMware-Virtual-Platform kernel: General system event 717
2026-02-03T04:27:19.585259+02:00 rahmo-VMware-Virtual-Platform kernel: General system event 718
2026-02-03T04:27:20.585259+02:00 rahmo-VMware-Virtual-Platform systemd: General system event 719
2026-02-03T04:27:21.585259+02:00 rahmo-VMware-Virtual-Platform kernel: General system event 720
2026-02-03T04:27:22.585259+02:00 rahmo-VMware-Virtual-Platform systemd: General system event 721
2026-02-03T04:27:23.585259+02:00 rahmo-VMware-Virtual-Platform kernel: General system event 722
2026-02-03T04:27:24.585259+02:00 rahmo-VMware-Virtual-Platform systemd: General system event 723
2026-02-03T04:27:25.585259+02:00 rahmo-VMware-Virtual-Platform kernel: General system event 724
2026-02-03T04:27:26.585259+02:00 rahmo-VMware-Virtual-Platform kernel: General system event 725
2026-02-03T04:27:27.585259+02:00 rahmo-VMware-Virtual-Platform kernel: General system event 726
2026-02-03T04:27:28.585259+02:00 rahmo-VMware-Virtual-Platform systemd: General system event 727
2026-02-03T04:27:29.585259+02:00 rahmo-VMware-Virtual-Platform systemd: General system event 728
2026-02-03T04:27:30.585259+02:00 rahmo-VMware-Virtual-Platform systemd: General system event 729
2026-02-03T04:27:31.585259+02:00 rahmo-VMware-Virtual-Platform kernel: General system event 730
2026-02-03T04:27:32.585259+02:00 rahmo-VMware-Virtual-Platform systemd: General system event 731
2026-02-03T04:27:33.585259+02:00 rahmo-VMware-Virtual-Platform systemd: General system event 732
2026-02-03T04:27:34.585259+02:00 rahmo-VMware-Virtual-Platform systemd: General system event 733
2026-02-03T04:27:35.585259+02:00 rahmo-VMware-Virtual-Platform kernel: General system event 734
2026-02-03T04:27:36.585259+02:00 rahmo-VMware-Virtual-Platform kernel: General system event 735
2026-02-03T04:27:37.585259+02:00 rahmo-VMware-Virtual-Platform kernel: General system event 736
2026-02-03T04:27:38.585259+02:00 rahmo-VMware-Virtual-Platform kernel: General system event 737
2026-02-03T04:27:39.585259+02:00 rahmo-VMware-Virtual-Platform kernel: General system event 738
2026-02-03T04:27:40.585259+02:00 rahmo-VMware-Virtual-Platform kernel: General system event 739
2026-02-03T04:27:41.585259+02:00 rahmo-VMware-Virtual-Platform systemd: General system event 740
2026-02-03T04:27:42.585259+02:00 rahmo-VMware-Virtual-Platform kernel: General system event 741
2026-02-03T04:27:43.585259+02:00 rahmo-VMware-Virtual-Platform kernel: General system event 742
2026-02-03T04:27:44.585259+02:00 rahmo-VMware-Virtual-Platform kernel: General system event 743
2026-02-03T04:27:45.585259+02:00 rahmo-VMware-Virtual-Platform systemd: General system event 744
2026-02-03T04:27:46.585259+02:00 rahmo-VMware-Virtual-Platform systemd: General system event 745
2026-02-03T04:27:47.585259+02:00 rahmo-VMware-Virtual-Platform systemd: General system event 746
2026-02-03T04:27:48.585259+02:00 rahmo-VMware-Virtual-Platform systemd: General system event 747
2026-02-03T04:27:49.585259+02:00 rahmo-VMware-Virtual-Platform kernel: General system event 748
2026-02-03T04:27:50.585259+02:00 rahmo-VMware-Virtual-Platform systemd: General system event 749
2026-02-03T04:27:51.585259+02:00 rahmo-VMware-Virtual-Platform kernel: General system event 750
2026-02-03T04:27:52.585259+02:00 rahmo-VMware-Virtual-Platform systemd: General system event 751
2026-02-03T04:27:53.585259+02:00 rahmo-VMware-Virtual-Platform kernel: General system event 752
2026-02-03T04:27:54.585259+02:00 rahmo-VMware-Virtual-Platform systemd: General system event 753
2026-02-03T04:27:55.585259+02:00 rahmo-VMware-Virtual-Platform systemd: General system event 754
2026-02-03T04:27:56.585259+02:00 rahmo-VMware-Virtual-Platform systemd: General system event 755
2026-02-03T04:27:57.585259+02:00 rahmo-VMware-Virtual-Platform kernel: General system event 756
2026-02-03T04:27:58.585259+02:00 rahmo-VMware-Virtual-Platform systemd: General system event 757
2026-02-03T04:27:59.585259+02:00 rahmo-VMware-Virtual-Platform kernel: General system event 758
2026-02-03T04:28:00.585259+02:00 rahmo-VMware-Virtual-Platform kernel: General system event 759
2026-02-03T04:28:01.585259+02:00 rahmo-VMware-Virtual-Platform kernel: General system event 760
2026-02-03T04:28:02.585259+02:00 rahmo-VMware-Virtual-Platform systemd: General system event 761
2026-02-03T04:28:03.585259+02:00 rahmo-VMware-Virtual-Platform systemd: General system event 762
2026-02-03T04:28:04.585259+02:00 rahmo-VMware-Virtual-Platform kernel: General system event 763
2026-02-03T04:28:05.585259+02:00 rahmo-VMware-Virtual-Platform kernel: General system event 764
2026-02-03T04:28:06.585259+02:00 rahmo-VMware-Virtual-Platform kernel: General system event 765
2026-02-03T04:28:07.585259+02:00 rahmo-VMware-Virtual-Platform systemd: General system event 766
2026-02-03T04:28:08.585259+02:00 rahmo-VMware-Virtual-Platform kernel: General system event 767
2026-02-03T04:28:09.585259+02:00 rahmo-VMware-Virtual-Platform systemd: General system event 768
2026-02-03T04:28:10.585259+02:00 rahmo-VMware-Virtual-Platform kernel: General system event 769
2026-02-03T04:28:11.585259+02:00 rahmo-VMware-Virtual-Platform kernel: General system event 770
2026-02-03T04:28:12.585259+02:00 rahmo-VMware-Virtual-Platform kernel: General system event 771
2026-02-03T04:28:13.585259+02:00 rahmo-VMware-Virtual-Platform kernel: General system event 772
2026-02-03T04:28:14.585259+02:00 rahmo-VMware-Virtual-Platform systemd: General system event 773
2026-02-03T04:28:15.585259+02:00 rahmo-VMware-Virtual-Platform kernel: General system event 774
2026-02-03T04:28:16.585259+02:00 rahmo-VMware-Virtual-Platform systemd: General system event 775
2026-02-03T04:28:17.585259+02:00 rahmo-VMware-Virtual-Platform kernel: General system event 776
2026-02-03T04:28:18.585259+02:00 rahmo-VMware-Virtual-Platform kernel: General system event 777
2026-02-03T04:28:19.585259+02:00 rahmo-VMware-Virtual-Platform systemd: General system event 778
2026-02-03T04:28:20.585259+02:00 rahmo-VMware-Virtual-Platform kernel: General system event 779
2026-02-03T04:28:21.585259+02:00 rahmo-VMware-Virtual-Platform kernel: General system event 780
2026-02-03T04:28:22.585259+02:00 rahmo-VMware-Virtual-Platform systemd: General system event 781
2026-02-03T04:28:23.585259+02:00 rahmo-VMware-Virtual-Platform kernel: General system event 782
2026-02-03T04:28:24.585259+02:00 rahmo-VMware-Virtual-Platform kernel: General system event 783
2026-02-03T04:28:25.585259+02:00 rahmo-VMware-Virtual-Platform systemd: General system event 784
2026-02-03T04:28:26.585259+02:00 rahmo-VMware-Virtual-Platform kernel: General system event 785
2026-02-03T04:28:27.585259+02:00 rahmo-VMware-Virtual-Platform kernel: General system event 786
2026-02-03T04:28:28.585259+02:00 rahmo-VMware-Virtual-Platform kernel: General system event 787
2026-02-03T04:28:29.585259+02:00 rahmo-VMware-Virtual-Platform systemd: General system event 788
2026-02-03T04:28:30.585259+02:00 rahmo-VMware-Virtual-Platform kernel: General system event 789
2026-02-03T04:28:31.585259+02:00 rahmo-VMware-Virtual-Platform kernel: General system event 790
2026-02-03T04:28:32.585259+02:00 rahmo-VMware-Virtual-Platform systemd: General system event 791
2026-02-03T04:28:33.585259+02:00 rahmo-VMware-Virtual-Platform kernel: General system event 792
2026-02-03T04:28:34.585259+02:00 rahmo-VMware-Virtual-Platform kernel: General system event 793
2026-02-03T04:28:35.585259+02:00 rahmo-VMware-Virtual-Platform systemd: General system event 794
2026-02-03T04:28:36.585259+02:00 rahmo-VMware-Virtual-Platform kernel: General system event 795
2026-02-03T04:28:37.585259+02:00 rahmo-VMware-Virtual-Platform kernel: General system event 796
2026-02-03T04:28:38.585259+02:00 rahmo-VMware-Virtual-Platform kernel: General system event 797
2026-02-03T04:28:39.585259+02:00 rahmo-VMware-Virtual-Platform kernel: General system event 798
2026-02-03T04:28:40.585259+02:00 rahmo-VMware-Virtual-Platform kernel: General system event 799
2026-02-03T04:28:41.585259+02:00 rahmo-VMware-Virtual-Platform kernel: General system event 800
2026-02-03T04:28:42.585259+02:00 rahmo-VMware-Virtual-Platform kernel: General system event 801
2026-02-03T04:28:43.585259+02:00 rahmo-VMware-Virtual-Platform kernel: General system event 802
2026-02-03T04:28:44.585259+02:00 rahmo-VMware-Virtual-Platform systemd: General system event 803
2026-02-03T04:28:45.585259+02:00 rahmo-VMware-Virtual-Platform systemd: General system event 804
2026-02-03T04:28:46.585259+02:00 rahmo-VMware-Virtual-Platform kernel: General system event 805
2026-02-03T04:28:47.585259+02:00 rahmo-VMware-Virtual-Platform kernel: General system event 806
2026-02-03T04:28:48.585259+02:00 rahmo-VMware-Virtual-Platform systemd: General system event 807
2026-02-03T04:28:49.585259+02:00 rahmo-VMware-Virtual-Platform kernel: General system event 808
2026-02-03T04:28:50.585259+02:00 rahmo-VMware-Virtual-Platform kernel: General system event 809
2026-02-03T04:28:51.585259+02:00 rahmo-VMware-Virtual-Platform kernel: General system event 810
2026-02-03T04:28:52.585259+02:00 rahmo-VMware-Virtual-Platform systemd: General system event 811
2026-02-03T04:28:53.585259+02:00 rahmo-VMware-Virtual-Platform kernel: General system event 812
2026-02-03T04:28:54.585259+02:00 rahmo-VMware-Virtual-Platform kernel: General system event 813
2026-02-03T04:28:55.585259+02:00 rahmo-VMware-Virtual-Platform systemd: General system event 814
2026-02-03T04:28:56.585259+02:00 rahmo-VMware-Virtual-Platform systemd: General system event 815
2026-02-03T04:28:57.585259+02:00 rahmo-VMware-Virtual-Platform systemd: General system event 816
2026-02-03T04:28:58.585259+02:00 rahmo-VMware-Virtual-Platform kernel: General system event 817
2026-02-03T04:28:59.585259+02:00 rahmo-VMware-Virtual-Platform systemd: General system event 818
2026-02-03T04:29:00.585259+02:00 rahmo-VMware-Virtual-Platform kernel: General system event 819
2026-02-03T04:29:01.585259+02:00 rahmo-VMware-Virtual-Platform kernel: General system event 820
2026-02-03T04:29:02.585259+02:00 rahmo-VMware-Virtual-Platform systemd: General system event 821
2026-02-03T04:29:03.585259+02:00 rahmo-VMware-Virtual-Platform kernel: General system event 822
2026-02-03T04:29:04.585259+02:00 rahmo-VMware-Virtual-Platform systemd: General system event 823
2026-02-03T04:29:05.585259+02:00 rahmo-VMware-Virtual-Platform systemd: General system event 824
2026-02-03T04:29:06.585259+02:00 rahmo-VMware-Virtual-Platform kernel: General system event 825
2026-02-03T04:29:07.585259+02:00 rahmo-VMware-Virtual-Platform kernel: General system event 826
2026-02-03T04:29:08.585259+02:00 rahmo-VMware-Virtual-Platform systemd: General system event 827
2026-02-03T04:29:09.585259+02:00 rahmo-VMware-Virtual-Platform systemd: General system event 828
2026-02-03T04:29:10.585259+02:00 rahmo-VMware-Virtual-Platform kernel: General system event 829
2026-02-03T04:29:11.585259+02:00 rahmo-VMware-Virtual-Platform kernel: General system event 830
2026-02-03T04:29:12.585259+02:00 rahmo-VMware-Virtual-Platform kernel: General system event 831
2026-02-03T04:29:13.585259+02:00 rahmo-VMware-Virtual-Platform systemd: General system event 832
2026-02-03T04:29:14.585259+02:00 rahmo-VMware-Virtual-Platform systemd: General system event 833
2026-02-03T04:29:15.585259+02:00 rahmo-VMware-Virtual-Platform kernel: General system event 834
2026-02-03T04:29:16.585259+02:00 rahmo-VMware-Virtual-Platform systemd: General system event 835
2026-02-03T04:29:17.585259+02:00 rahmo-VMware-Virtual-Platform kernel: General system event 836
2026-02-03T04:29:18.585259+02:00 rahmo-VMware-Virtual-Platform systemd: General system event 837
2026-02-03T04:29:19.585259+02:00 rahmo-VMware-Virtual-Platform systemd: General system event 838
2026-02-03T04:29:20.585259+02:00 rahmo-VMware-Virtual-Platform kernel: General system event 839
2026-02-03T04:29:21.585259+02:00 rahmo-VMware-Virtual-Platform systemd: General system event 840
2026-02-03T04:29:22.585259+02:00 rahmo-VMware-Virtual-Platform systemd: General system event 841
2026-02-03T04:29:23.585259+02:00 rahmo-VMware-Virtual-Platform kernel: General system event 842
2026-02-03T04:29:24.585259+02:00 rahmo-VMware-Virtual-Platform systemd: General system event 843
2026-02-03T04:29:25.585259+02:00 rahmo-VMware-Virtual-Platform kernel: General system event 844
2026-02-03T04:29:26.585259+02:00 rahmo-VMware-Virtual-Platform systemd: General system event 845
2026-02-03T04:29:27.585259+02:00 rahmo-VMware-Virtual-Platform systemd: General system event 846
2026-02-03T04:29:28.585259+02:00 rahmo-VMware-Virtual-Platform kernel: General system event 847
2026-02-03T04:29:29.585259+02:00 rahmo-VMware-Virtual-Platform systemd: General system event 848
2026-02-03T04:29:30.585259+02:00 rahmo-VMware-Virtual-Platform systemd: General system event 849
2026-02-03T04:29:31.585259+02:00 rahmo-VMware-Virtual-Platform kernel: General system event 850
2026-02-03T04:29:32.585259+02:00 rahmo-VMware-Virtual-Platform systemd: General system event 851
2026-02-03T04:29:33.585259+02:00 rahmo-VMware-Virtual-Platform kernel: General system event 852
2026-02-03T04:29:34.585259+02:00 rahmo-VMware-Virtual-Platform systemd: General system event 853
2026-02-03T04:29:35.585259+02:00 rahmo-VMware-Virtual-Platform kernel: General system event 854
2026-02-03T04:29:36.585259+02:00 rahmo-VMware-Virtual-Platform systemd: General system event 855
2026-02-03T04:29:37.585259+02:00 rahmo-VMware-Virtual-Platform systemd: General system event 856
2026-02-03T04:29:38.585259+02:00 rahmo-VMware-Virtual-Platform systemd: General system event 857
2026-02-03T04:29:39.585259+02:00 rahmo-VMware-Virtual-Platform kernel: General system event 858
2026-02-03T04:29:40.585259+02:00 rahmo-VMware-Virtual-Platform systemd: General system event 859
2026-02-03T04:29:41.585259+02:00 rahmo-VMware-Virtual-Platform kernel: General system event 860
2026-02-03T04:29:42.585259+02:00 rahmo-VMware-Virtual-Platform systemd: General system event 861
2026-02-03T04:29:43.585259+02:00 rahmo-VMware-Virtual-Platform kernel: General system event 862
2026-02-03T04:29:44.585259+02:00 rahmo-VMware-Virtual-Platform systemd: General system event 863
2026-02-03T04:29:45.585259+02:00 rahmo-VMware-Virtual-Platform kernel: General system event 864
2026-02-03T04:29:46.585259+02:00 rahmo-VMware-Virtual-Platform systemd: General system event 865
2026-02-03T04:29:47.585259+02:00 rahmo-VMware-Virtual-Platform systemd: General system event 866
2026-02-03T04:29:48.585259+02:00 rahmo-VMware-Virtual-Platform kernel: General system event 867
2026-02-03T04:29:49.585259+02:00 rahmo-VMware-Virtual-Platform kernel: General system event 868
2026-02-03T04:29:50.585259+02:00 rahmo-VMware-Virtual-Platform systemd: General system event 869
2026-02-03T04:29:51.585259+02:00 rahmo-VMware-Virtual-Platform kernel: General system event 870
2026-02-03T04:29:52.585259+02:00 rahmo-VMware-Virtual-Platform kernel: General system event 871
2026-02-03T04:29:53.585259+02:00 rahmo-VMware-Virtual-Platform systemd: General system event 872
2026-02-03T04:29:54.585259+02:00 rahmo-VMware-Virtual-Platform systemd: General system event 873
2026-02-03T04:29:55.585259+02:00 rahmo-VMware-Virtual-Platform kernel: General system event 874
2026-02-03T04:29:56.585259+02:00 rahmo-VMware-Virtual-Platform systemd: General system event 875
2026-02-03T04:29:57.585259+02:00 rahmo-VMware-Virtual-Platform kernel: General system event 876
2026-02-03T04:29:58.585259+02:00 rahmo-VMware-Virtual-Platform kernel: General system event 877
2026-02-03T04:29:59.585259+02:00 rahmo-VMware-Virtual-Platform kernel: General system event 878
2026-02-03T04:30:00.585259+02:00 rahmo-VMware-Virtual-Platform kernel: General system event 879
2026-02-03T04:30:01.585259+02:00 rahmo-VMware-Virtual-Platform systemd: General system event 880
2026-02-03T04:30:02.585259+02:00 rahmo-VMware-Virtual-Platform systemd: General system event 881
2026-02-03T04:30:03.585259+02:00 rahmo-VMware-Virtual-Platform kernel: General system event 882
2026-02-03T04:30:04.585259+02:00 rahmo-VMware-Virtual-Platform systemd: General system event 883
2026-02-03T04:30:05.585259+02:00 rahmo-VMware-Virtual-Platform kernel: General system event 884
2026-02-03T04:30:06.585259+02:00 rahmo-VMware-Virtual-Platform kernel: General system event 885
2026-02-03T04:30:07.585259+02:00 rahmo-VMware-Virtual-Platform systemd: General system event 886
2026-02-03T04:30:08.585259+02:00 rahmo-VMware-Virtual-Platform systemd: General system event 887
2026-02-03T04:30:09.585259+02:00 rahmo-VMware-Virtual-Platform kernel: General system event 888
2026-02-03T04:30:10.585259+02:00 rahmo-VMware-Virtual-Platform systemd: General system event 889
2026-02-03T04:30:11.585259+02:00 rahmo-VMware-Virtual-Platform systemd: General system event 890
2026-02-03T04:30:12.585259+02:00 rahmo-VMware-Virtual-Platform kernel: General system event 891
2026-02-03T04:30:13.585259+02:00 rahmo-VMware-Virtual-Platform systemd: General system event 892
2026-02-03T04:30:14.585259+02:00 rahmo-VMware-Virtual-Platform kernel: General system event 893
2026-02-03T04:30:15.585259+02:00 rahmo-VMware-Virtual-Platform systemd: General system event 894
2026-02-03T04:30:16.585259+02:00 rahmo-VMware-Virtual-Platform systemd: General system event 895
2026-02-03T04:30:17.585259+02:00 rahmo-VMware-Virtual-Platform kernel: General system event 896
2026-02-03T04:30:18.585259+02:00 rahmo-VMware-Virtual-Platform kernel: General system event 897
2026-02-03T04:30:19.585259+02:00 rahmo-VMware-Virtual-Platform kernel: General system event 898
2026-02-03T04:30:20.585259+02:00 rahmo-VMware-Virtual-Platform kernel: General system event 899
2026-02-03T04:30:21.585259+02:00 rahmo-VMware-Virtual-Platform kernel: General system event 900
2026-02-03T04:30:22.585259+02:00 rahmo-VMware-Virtual-Platform systemd: General system event 901
2026-02-03T04:30:23.585259+02:00 rahmo-VMware-Virtual-Platform systemd: General system event 902
2026-02-03T04:30:24.585259+02:00 rahmo-VMware-Virtual-Platform systemd: General system event 903
2026-02-03T04:30:25.585259+02:00 rahmo-VMware-Virtual-Platform kernel: General system event 904
2026-02-03T04:30:26.585259+02:00 rahmo-VMware-Virtual-Platform systemd: General system event 905
2026-02-03T04:30:27.585259+02:00 rahmo-VMware-Virtual-Platform kernel: General system event 906
2026-02-03T04:30:28.585259+02:00 rahmo-VMware-Virtual-Platform kernel: General system event 907
2026-02-03T04:30:29.585259+02:00 rahmo-VMware-Virtual-Platform systemd: General system event 908
2026-02-03T04:30:30.585259+02:00 rahmo-VMware-Virtual-Platform systemd: General system event 909
2026-02-03T04:30:31.585259+02:00 rahmo-VMware-Virtual-Platform systemd: General system event 910
2026-02-03T04:30:32.585259+02:00 rahmo-VMware-Virtual-Platform systemd: General system event 911
2026-02-03T04:30:33.585259+02:00 rahmo-VMware-Virtual-Platform systemd: General system event 912
2026-02-03T04:30:34.585259+02:00 rahmo-VMware-Virtual-Platform systemd: General system event 913
2026-02-03T04:30:35.585259+02:00 rahmo-VMware-Virtual-Platform systemd: General system event 914
2026-02-03T04:30:36.585259+02:00 rahmo-VMware-Virtual-Platform systemd: General system event 915
2026-02-03T04:30:37.585259+02:00 rahmo-VMware-Virtual-Platform systemd: General system event 916
2026-02-03T04:30:38.585259+02:00 rahmo-VMware-Virtual-Platform kernel: General system event 917
2026-02-03T04:30:39.585259+02:00 rahmo-VMware-Virtual-Platform kernel: General system event 918
2026-02-03T04:30:40.585259+02:00 rahmo-VMware-Virtual-Platform systemd: General system event 919
2026-02-03T04:30:41.585259+02:00 rahmo-VMware-Virtual-Platform systemd: General system event 920
2026-02-03T04:30:42.585259+02:00 rahmo-VMware-Virtual-Platform systemd: General system event 921
2026-02-03T04:30:43.585259+02:00 rahmo-VMware-Virtual-Platform systemd: General system event 922
2026-02-03T04:30:44.585259+02:00 rahmo-VMware-Virtual-Platform systemd: General system event 923
2026-02-03T04:30:45.585259+02:00 rahmo-VMware-Virtual-Platform kernel: General system event 924
2026-02-03T04:30:46.585259+02:00 rahmo-VMware-Virtual-Platform systemd: General system event 925
2026-02-03T04:30:47.585259+02:00 rahmo-VMware-Virtual-Platform systemd: General system event 926
2026-02-03T04:30:48.585259+02:00 rahmo-VMware-Virtual-Platform kernel: General system event 927
2026-02-03T04:30:49.585259+02:00 rahmo-VMware-Virtual-Platform systemd: General system event 928
2026-02-03T04:30:50.585259+02:00 rahmo-VMware-Virtual-Platform systemd: General system event 929
2026-02-03T04:30:51.585259+02:00 rahmo-VMware-Virtual-Platform kernel: General system event 930
2026-02-03T04:30:52.585259+02:00 rahmo-VMware-Virtual-Platform kernel: General system event 931
2026-02-03T04:30:53.585259+02:00 rahmo-VMware-Virtual-Platform systemd: General system event 932
2026-02-03T04:30:54.585259+02:00 rahmo-VMware-Virtual-Platform kernel: General system event 933
2026-02-03T04:30:55.585259+02:00 rahmo-VMware-Virtual-Platform kernel: General system event 934
2026-02-03T04:30:56.585259+02:00 rahmo-VMware-Virtual-Platform systemd: General system event 935
2026-02-03T04:30:57.585259+02:00 rahmo-VMware-Virtual-Platform systemd: General system event 936
2026-02-03T04:30:58.585259+02:00 rahmo-VMware-Virtual-Platform systemd: General system event 937
2026-02-03T04:30:59.585259+02:00 rahmo-VMware-Virtual-Platform systemd: General system event 938
2026-02-03T04:31:00.585259+02:00 rahmo-VMware-Virtual-Platform kernel: General system event 939
2026-02-03T04:31:01.585259+02:00 rahmo-VMware-Virtual-Platform systemd: General system event 940
2026-02-03T04:31:02.585259+02:00 rahmo-VMware-Virtual-Platform systemd: General system event 941
2026-02-03T04:31:03.585259+02:00 rahmo-VMware-Virtual-Platform systemd: General system event 942
2026-02-03T04:31:04.585259+02:00 rahmo-VMware-Virtual-Platform kernel: General system event 943
2026-02-03T04:31:05.585259+02:00 rahmo-VMware-Virtual-Platform systemd: General system event 944
2026-02-03T04:31:06.585259+02:00 rahmo-VMware-Virtual-Platform kernel: General system event 945
2026-02-03T04:31:07.585259+02:00 rahmo-VMware-Virtual-Platform systemd: General system event 946
2026-02-03T04:31:08.585259+02:00 rahmo-VMware-Virtual-Platform systemd: General system event 947
2026-02-03T04:31:09.585259+02:00 rahmo-VMware-Virtual-Platform systemd: General system event 948
2026-02-03T04:31:10.585259+02:00 rahmo-VMware-Virtual-Platform systemd: General system event 949
2026-02-03T04:31:11.585259+02:00 rahmo-VMware-Virtual-Platform kernel: General system event 950
2026-02-03T04:31:12.585259+02:00 rahmo-VMware-Virtual-Platform kernel: General system event 951
2026-02-03T04:31:13.585259+02:00 rahmo-VMware-Virtual-Platform kernel: General system event 952
2026-02-03T04:31:14.585259+02:00 rahmo-VMware-Virtual-Platform kernel: General system event 953
2026-02-03T04:31:15.585259+02:00 rahmo-VMware-Virtual-Platform kernel: General system event 954
2026-02-03T04:31:16.585259+02:00 rahmo-VMware-Virtual-Platform systemd: General system event 955
2026-02-03T04:31:17.585259+02:00 rahmo-VMware-Virtual-Platform systemd: General system event 956
2026-02-03T04:31:18.585259+02:00 rahmo-VMware-Virtual-Platform systemd: General system event 957
2026-02-03T04:31:19.585259+02:00 rahmo-VMware-Virtual-Platform kernel: General system event 958
2026-02-03T04:31:20.585259+02:00 rahmo-VMware-Virtual-Platform kernel: General system event 959
2026-02-03T04:31:21.585259+02:00 rahmo-VMware-Virtual-Platform systemd: General system event 960
2026-02-03T04:31:22.585259+02:00 rahmo-VMware-Virtual-Platform kernel: General system event 961
2026-02-03T04:31:23.585259+02:00 rahmo-VMware-Virtual-Platform systemd: General system event 962
2026-02-03T04:31:24.585259+02:00 rahmo-VMware-Virtual-Platform kernel: General system event 963
2026-02-03T04:31:25.585259+02:00 rahmo-VMware-Virtual-Platform kernel: General system event 964
2026-02-03T04:31:26.585259+02:00 rahmo-VMware-Virtual-Platform systemd: General system event 965
2026-02-03T04:31:27.585259+02:00 rahmo-VMware-Virtual-Platform kernel: General system event 966
2026-02-03T04:31:28.585259+02:00 rahmo-VMware-Virtual-Platform kernel: General system event 967
2026-02-03T04:31:29.585259+02:00 rahmo-VMware-Virtual-Platform kernel: General system event 968
2026-02-03T04:31:30.585259+02:00 rahmo-VMware-Virtual-Platform systemd: General system event 969
2026-02-03T04:31:31.585259+02:00 rahmo-VMware-Virtual-Platform kernel: General system event 970
2026-02-03T04:31:32.585259+02:00 rahmo-VMware-Virtual-Platform kernel: General system event 971
2026-02-03T04:31:33.585259+02:00 rahmo-VMware-Virtual-Platform kernel: General system event 972
2026-02-03T04:31:34.585259+02:00 rahmo-VMware-Virtual-Platform systemd: General system event 973
2026-02-03T04:31:35.585259+02:00 rahmo-VMware-Virtual-Platform kernel: General system event 974
2026-02-03T04:31:36.585259+02:00 rahmo-VMware-Virtual-Platform systemd: General system event 975
2026-02-03T04:31:37.585259+02:00 rahmo-VMware-Virtual-Platform systemd: General system event 976
2026-02-03T04:31:38.585259+02:00 rahmo-VMware-Virtual-Platform systemd: General system event 977
2026-02-03T04:31:39.585259+02:00 rahmo-VMware-Virtual-Platform kernel: General system event 978
2026-02-03T04:31:40.585259+02:00 rahmo-VMware-Virtual-Platform kernel: General system event 979
2026-02-03T04:31:41.585259+02:00 rahmo-VMware-Virtual-Platform kernel: General system event 980
2026-02-03T04:31:42.585259+02:00 rahmo-VMware-Virtual-Platform kernel: General system event 981
2026-02-03T04:31:43.585259+02:00 rahmo-VMware-Virtual-Platform kernel: General system event 982
2026-02-03T04:31:44.585259+02:00 rahmo-VMware-Virtual-Platform systemd: General system event 983
2026-02-03T04:31:45.585259+02:00 rahmo-VMware-Virtual-Platform kernel: General system event 984
2026-02-03T04:31:46.585259+02:00 rahmo-VMware-Virtual-Platform systemd: General system event 985
2026-02-03T04:31:47.585259+02:00 rahmo-VMware-Virtual-Platform kernel: General system event 986
2026-02-03T04:31:48.585259+02:00 rahmo-VMware-Virtual-Platform kernel: General system event 987
2026-02-03T04:31:49.585259+02:00 rahmo-VMware-Virtual-Platform kernel: General system event 988
2026-02-03T04:31:50.585259+02:00 rahmo-VMware-Virtual-Platform systemd: General system event 989
2026-02-03T04:31:51.585259+02:00 rahmo-VMware-Virtual-Platform kernel: General system event 990
2026-02-03T04:31:52.585259+02:00 rahmo-VMware-Virtual-Platform kernel: General system event 991
2026-02-03T04:31:53.585259+02:00 rahmo-VMware-Virtual-Platform systemd: General system event 992
2026-02-03T04:31:54.585259+02:00 rahmo-VMware-Virtual-Platform systemd: General system event 993
2026-02-03T04:31:55.585259+02:00 rahmo-VMware-Virtual-Platform systemd: General system event 994
2026-02-03T04:31:56.585259+02:00 rahmo-VMware-Virtual-Platform kernel: General system event 995
2026-02-03T04:31:57.585259+02:00 rahmo-VMware-Virtual-Platform systemd: General system event 996
2026-02-03T04:31:58.585259+02:00 rahmo-VMware-Virtual-Platform kernel: General system event 997
2026-02-03T04:31:59.585259+02:00 rahmo-VMware-Virtual-Platform systemd: General system event 998
2026-02-03T04:32:00.585259+02:00 rahmo-VMware-Virtual-Platform systemd: General system event 999
